2026-03-21 21:34:24,567 [INFO] Chargement de data\transfermarkt\players_all.csv...
2026-03-21 21:34:24,733 [INFO] 18209 joueurs chargés, 13 ligues
2026-03-21 21:34:24,763 [INFO] 
=======================================================
2026-03-21 21:34:24,763 [INFO] === England Premier League ===
2026-03-21 21:34:24,763 [INFO] =======================================================
2026-03-21 21:34:24,769 [INFO]   1427 joueurs TM dans cette ligue
2026-03-21 21:35:32,742 [WARNING]   CAP retry 1/2 (England Premier League) : 'tuple' object has no attribute 'lower' — pause 13.1s
2026-03-21 21:36:13,239 [ERROR]   CAP échec définitif (England Premier League) : 'tuple' object has no attribute 'lower'
2026-03-21 21:36:13,806 [INFO] Websocket connected
2026-03-21 21:36:13,817 [INFO] Websocket connected
2026-03-21 21:36:14,977 [ERROR] Connection to remote host was lost. - goodbye
2026-03-21 21:36:15,821 [INFO] Websocket connected
2026-03-21 21:36:16,251 [INFO] Websocket connected
2026-03-21 21:36:18,360 [ERROR] Connection to remote host was lost. - goodbye
2026-03-21 21:36:19,166 [INFO] Websocket connected
2026-03-21 21:36:19,180 [INFO] Websocket connected
2026-03-21 21:36:20,579 [ERROR] Connection to remote host was lost. - goodbye
2026-03-21 21:36:21,331 [INFO] Websocket connected
2026-03-21 21:36:21,337 [INFO] Websocket connected
2026-03-21 21:36:22,716 [ERROR] Connection to remote host was lost. - goodbye
2026-03-21 21:36:23,448 [INFO] Websocket connected
2026-03-21 21:36:23,454 [INFO] Websocket connected
2026-03-21 21:36:24,817 [ERROR] Connection to remote host was lost. - goodbye
2026-03-21 21:36:25,518 [INFO] Websocket connected
2026-03-21 21:36:25,526 [INFO] Websocket connected
2026-03-21 21:36:26,820 [ERROR] Connection to remote host was lost. - goodbye
2026-03-21 21:36:27,549 [INFO] Websocket connected
2026-03-21 21:36:27,555 [INFO] Websocket connected
2026-03-21 21:36:28,816 [ERROR] Connection to remote host was lost. - goodbye
2026-03-21 21:36:29,366 [INFO]   SFS : 562 joueurs récupérés (tentative 1)
2026-03-21 21:36:29,379 [INFO]   Jointure Sofascore : 1063/1427 (74.5%)
2026-03-21 21:36:29,491 [INFO]   Ligue sauvegardée dans data\transfermarkt\players_enriched.csv
2026-03-21 21:36:29,491 [INFO]   Pause 16.9s...
2026-03-21 21:36:46,368 [INFO] 
=======================================================
2026-03-21 21:36:46,369 [INFO] === France Ligue 1 ===
2026-03-21 21:36:46,369 [INFO] =======================================================
2026-03-21 21:36:46,372 [INFO]   1217 joueurs TM dans cette ligue
2026-03-21 21:37:09,819 [WARNING]   CAP retry 1/2 (France Ligue 1) : 'tuple' object has no attribute 'lower' — pause 7.0s
2026-03-21 21:37:38,943 [ERROR]   CAP échec définitif (France Ligue 1) : 'tuple' object has no attribute 'lower'
2026-03-21 21:37:39,461 [INFO] Websocket connected
2026-03-21 21:37:39,468 [INFO] Websocket connected
2026-03-21 21:37:40,509 [ERROR] Connection to remote host was lost. - goodbye
2026-03-21 21:37:41,214 [INFO] Websocket connected
2026-03-21 21:37:41,219 [INFO] Websocket connected
2026-03-21 21:37:42,621 [ERROR] Connection to remote host was lost. - goodbye
2026-03-21 21:37:43,372 [INFO] Websocket connected
2026-03-21 21:37:43,380 [INFO] Websocket connected
2026-03-21 21:37:46,041 [ERROR] Connection to remote host was lost. - goodbye
2026-03-21 21:37:46,733 [INFO] Websocket connected
2026-03-21 21:37:46,738 [INFO] Websocket connected
2026-03-21 21:37:49,245 [ERROR] Connection to remote host was lost. - goodbye
2026-03-21 21:37:50,000 [INFO] Websocket connected
2026-03-21 21:37:50,005 [INFO] Websocket connected
2026-03-21 21:37:51,333 [ERROR] Connection to remote host was lost. - goodbye
2026-03-21 21:37:52,081 [INFO] Websocket connected
2026-03-21 21:37:52,086 [INFO] Websocket connected
2026-03-21 21:37:53,277 [ERROR] Connection to remote host was lost. - goodbye
2026-03-21 21:37:53,965 [INFO] Websocket connected
2026-03-21 21:37:53,969 [INFO] Websocket connected
2026-03-21 21:37:56,367 [ERROR] Connection to remote host was lost. - goodbye
2026-03-21 21:37:56,820 [INFO]   SFS : 542 joueurs récupérés (tentative 1)
2026-03-21 21:37:56,825 [INFO]   Jointure Sofascore : 953/1217 (78.3%)
2026-03-21 21:37:56,902 [INFO]   Ligue sauvegardée dans data\transfermarkt\players_enriched.csv
2026-03-21 21:37:56,903 [INFO]   Pause 19.3s...
2026-03-21 21:38:16,254 [INFO] 
=======================================================
2026-03-21 21:38:16,254 [INFO] === Germany Bundesliga ===
2026-03-21 21:38:16,254 [INFO] =======================================================
2026-03-21 21:38:16,257 [INFO]   1158 joueurs TM dans cette ligue
2026-03-21 21:38:45,395 [INFO] Chargement de data\transfermarkt\players_all.csv...
2026-03-21 21:38:45,504 [INFO] 18209 joueurs chargés, 13 ligues
2026-03-21 21:38:45,533 [INFO] 
=======================================================
2026-03-21 21:38:45,534 [INFO] === England Premier League ===
2026-03-21 21:38:45,534 [INFO] =======================================================
2026-03-21 21:38:45,538 [INFO]   1427 joueurs TM dans cette ligue
2026-03-21 21:39:13,418 [INFO]   CAP colonnes brutes : [('', 'PLAYER'), ('EST. BASE SALARY', 'GROSS P/W\n(EUR)'), ('EST. BASE SALARY', 'GROSS P/Y\n(EUR)'), ('EST. BASE SALARY', 'ADJ. GROSS\n(EUR)'), ('BIO', 'POS.'), ('BIO', 'AGE'), ('BIO', 'COUNTRY'), ('', 'CLUB')]
2026-03-21 21:39:13,422 [INFO]   CAP : 770 joueurs récupérés (tentative 1)
2026-03-21 21:39:13,426 [INFO]   Jointure Capology : 1209/1427 (84.7%)
2026-03-21 21:39:13,427 [INFO]   Sofascore : déjà traité [checkpoint]
2026-03-21 21:39:13,444 [INFO]   Ligue sauvegardée dans data\transfermarkt\players_enriched.csv
2026-03-21 21:39:13,445 [INFO]   Pause 12.6s...
2026-03-21 21:39:26,073 [INFO] 
=======================================================
2026-03-21 21:39:26,073 [INFO] === France Ligue 1 ===
2026-03-21 21:39:26,074 [INFO] =======================================================
2026-03-21 21:39:26,076 [INFO]   1217 joueurs TM dans cette ligue
2026-03-21 21:39:48,921 [INFO]   CAP colonnes brutes : [('', 'PLAYER'), ('EST. BASE SALARY', 'GROSS P/W\n(EUR)'), ('EST. BASE SALARY', 'GROSS P/Y\n(EUR)'), ('EST. BASE SALARY', 'ADJ. GROSS\n(EUR)'), ('BIO', 'POS.'), ('BIO', 'AGE'), ('BIO', 'COUNTRY'), ('', 'CLUB')]
2026-03-21 21:39:48,925 [INFO]   CAP : 561 joueurs récupérés (tentative 1)
2026-03-21 21:39:48,929 [INFO]   Jointure Capology : 987/1217 (81.1%)
2026-03-21 21:39:48,930 [INFO]   Sofascore : déjà traité [checkpoint]
2026-03-21 21:39:48,943 [INFO]   Ligue sauvegardée dans data\transfermarkt\players_enriched.csv
2026-03-21 21:39:48,944 [INFO]   Pause 15.3s...
2026-03-21 21:40:04,211 [INFO] 
=======================================================
2026-03-21 21:40:04,212 [INFO] === Germany Bundesliga ===
2026-03-21 21:40:04,213 [INFO] =======================================================
2026-03-21 21:40:04,216 [INFO]   1158 joueurs TM dans cette ligue
2026-03-21 21:40:32,121 [INFO]   CAP colonnes brutes : [('', 'PLAYER'), ('EST. BASE SALARY', 'GROSS P/W\n(EUR)'), ('EST. BASE SALARY', 'GROSS P/Y\n(EUR)'), ('EST. BASE SALARY', 'ADJ. GROSS\n(EUR)'), ('BIO', 'POS.'), ('BIO', 'AGE'), ('BIO', 'COUNTRY'), ('', 'CLUB')]
2026-03-21 21:40:32,125 [INFO]   CAP : 566 joueurs récupérés (tentative 1)
2026-03-21 21:40:32,129 [INFO]   Jointure Capology : 1031/1158 (89.0%)
2026-03-21 21:40:32,656 [INFO] Websocket connected
2026-03-21 21:40:32,663 [INFO] Websocket connected
2026-03-21 21:40:33,865 [ERROR] Connection to remote host was lost. - goodbye
2026-03-21 21:40:34,633 [INFO] Websocket connected
2026-03-21 21:40:34,645 [INFO] Websocket connected
2026-03-21 21:40:37,260 [ERROR] Connection to remote host was lost. - goodbye
2026-03-21 21:40:38,067 [INFO] Websocket connected
2026-03-21 21:40:38,090 [INFO] Websocket connected
2026-03-21 21:40:39,623 [ERROR] Connection to remote host was lost. - goodbye
2026-03-21 21:40:40,316 [INFO] Websocket connected
2026-03-21 21:40:40,325 [INFO] Websocket connected
2026-03-21 21:40:41,679 [ERROR] Connection to remote host was lost. - goodbye
2026-03-21 21:40:42,389 [INFO] Websocket connected
2026-03-21 21:40:42,398 [INFO] Websocket connected
2026-03-21 21:40:43,704 [ERROR] Connection to remote host was lost. - goodbye
2026-03-21 21:40:44,397 [INFO] Websocket connected
2026-03-21 21:40:44,402 [INFO] Websocket connected
2026-03-21 21:40:45,729 [ERROR] Connection to remote host was lost. - goodbye
2026-03-21 21:40:46,398 [INFO]   SFS : 481 joueurs récupérés (tentative 1)
2026-03-21 21:40:46,404 [INFO]   Jointure Sofascore : 915/1158 (79.0%)
2026-03-21 21:40:46,494 [INFO]   Ligue sauvegardée dans data\transfermarkt\players_enriched.csv
2026-03-21 21:40:46,494 [INFO]   Pause 19.0s...
2026-03-21 21:43:23,956 [INFO] Chargement de data\transfermarkt\players_all.csv...
2026-03-21 21:43:24,067 [INFO] 18209 joueurs chargés, 13 ligues
2026-03-21 21:43:24,100 [INFO] 
=======================================================
2026-03-21 21:43:24,101 [INFO] === England Premier League ===
2026-03-21 21:43:24,102 [INFO] =======================================================
2026-03-21 21:43:24,105 [INFO]   1427 joueurs TM dans cette ligue
2026-03-21 21:43:53,684 [INFO]   CAP : 400 joueurs récupérés (tentative 1)
2026-03-21 21:43:53,688 [INFO]   Jointure Capology : 764/1427 (53.5%)
2026-03-21 21:43:54,262 [INFO] Websocket connected
2026-03-21 21:43:54,283 [INFO] Websocket connected
2026-03-21 21:43:55,438 [ERROR] Connection to remote host was lost. - goodbye
2026-03-21 21:43:56,251 [INFO] Websocket connected
2026-03-21 21:43:56,292 [INFO] Websocket connected
2026-03-21 21:43:57,539 [ERROR] Connection to remote host was lost. - goodbye
2026-03-21 21:43:58,441 [INFO] Websocket connected
2026-03-21 21:43:58,503 [INFO] Websocket connected
2026-03-21 21:44:00,560 [ERROR] Connection to remote host was lost. - goodbye
2026-03-21 21:44:01,319 [INFO] Websocket connected
2026-03-21 21:44:01,325 [INFO] Websocket connected
2026-03-21 21:44:03,057 [ERROR] Connection to remote host was lost. - goodbye
2026-03-21 21:44:03,820 [INFO] Websocket connected
2026-03-21 21:44:03,825 [INFO] Websocket connected
2026-03-21 21:44:05,067 [ERROR] Connection to remote host was lost. - goodbye
2026-03-21 21:44:05,847 [INFO] Websocket connected
2026-03-21 21:44:05,878 [INFO] Websocket connected
2026-03-21 21:44:07,177 [ERROR] Connection to remote host was lost. - goodbye
2026-03-21 21:44:07,955 [INFO] Websocket connected
2026-03-21 21:44:07,961 [INFO] Websocket connected
2026-03-21 21:44:09,199 [ERROR] Connection to remote host was lost. - goodbye
2026-03-21 21:44:09,804 [INFO]   SFS : 562 joueurs récupérés (tentative 1)
2026-03-21 21:44:09,811 [INFO]   Jointure Sofascore : 1081/1427 (75.8%)
2026-03-21 21:44:09,946 [INFO]   Ligue sauvegardée dans data\transfermarkt\players_enriched.csv
2026-03-21 21:44:09,947 [INFO]   Pause 10.7s...
2026-03-21 21:44:20,664 [INFO] 
=======================================================
2026-03-21 21:44:20,665 [INFO] === France Ligue 1 ===
2026-03-21 21:44:20,666 [INFO] =======================================================
2026-03-21 21:44:20,669 [INFO]   1217 joueurs TM dans cette ligue
2026-03-21 21:44:42,621 [INFO]   CAP : 561 joueurs récupérés (tentative 1)
2026-03-21 21:44:42,625 [INFO]   Jointure Capology : 987/1217 (81.1%)
2026-03-21 21:44:43,164 [INFO] Websocket connected
2026-03-21 21:44:43,172 [INFO] Websocket connected
2026-03-21 21:44:44,279 [ERROR] Connection to remote host was lost. - goodbye
2026-03-21 21:44:45,026 [INFO] Websocket connected
2026-03-21 21:44:45,035 [INFO] Websocket connected
2026-03-21 21:44:46,431 [ERROR] Connection to remote host was lost. - goodbye
2026-03-21 21:44:47,121 [INFO] Websocket connected
2026-03-21 21:44:47,129 [INFO] Websocket connected
2026-03-21 21:44:48,896 [ERROR] Connection to remote host was lost. - goodbye
2026-03-21 21:44:49,655 [INFO] Websocket connected
2026-03-21 21:44:49,660 [INFO] Websocket connected
2026-03-21 21:44:50,935 [ERROR] Connection to remote host was lost. - goodbye
2026-03-21 21:44:51,692 [INFO] Websocket connected
2026-03-21 21:44:51,704 [INFO] Websocket connected
2026-03-21 21:44:53,403 [ERROR] Connection to remote host was lost. - goodbye
2026-03-21 21:44:54,157 [INFO] Websocket connected
2026-03-21 21:44:54,164 [INFO] Websocket connected
2026-03-21 21:44:55,953 [ERROR] Connection to remote host was lost. - goodbye
2026-03-21 21:44:56,740 [INFO] Websocket connected
2026-03-21 21:44:56,744 [INFO] Websocket connected
2026-03-21 21:44:58,169 [ERROR] Connection to remote host was lost. - goodbye
2026-03-21 21:44:58,946 [INFO]   SFS : 542 joueurs récupérés (tentative 1)
2026-03-21 21:44:58,954 [INFO]   Jointure Sofascore : 974/1217 (80.0%)
2026-03-21 21:44:59,079 [INFO]   Ligue sauvegardée dans data\transfermarkt\players_enriched.csv
2026-03-21 21:44:59,079 [INFO]   Pause 14.8s...
2026-03-21 21:45:13,856 [INFO] 
=======================================================
2026-03-21 21:45:13,857 [INFO] === Germany Bundesliga ===
2026-03-21 21:45:13,857 [INFO] =======================================================
2026-03-21 21:45:13,860 [INFO]   1158 joueurs TM dans cette ligue
2026-03-21 21:45:33,190 [INFO]   CAP : 300 joueurs récupérés (tentative 1)
2026-03-21 21:45:33,193 [INFO]   Jointure Capology : 557/1158 (48.1%)
2026-03-21 21:45:33,760 [INFO] Websocket connected
2026-03-21 21:45:33,767 [INFO] Websocket connected
2026-03-21 21:45:34,901 [ERROR] Connection to remote host was lost. - goodbye
2026-03-21 21:45:35,667 [INFO] Websocket connected
2026-03-21 21:45:35,690 [INFO] Websocket connected
2026-03-21 21:45:36,989 [ERROR] Connection to remote host was lost. - goodbye
2026-03-21 21:45:37,748 [INFO] Websocket connected
2026-03-21 21:45:37,761 [INFO] Websocket connected
2026-03-21 21:45:39,052 [ERROR] Connection to remote host was lost. - goodbye
2026-03-21 21:45:39,827 [INFO] Websocket connected
2026-03-21 21:45:39,835 [INFO] Websocket connected
2026-03-21 21:45:41,200 [ERROR] Connection to remote host was lost. - goodbye
2026-03-21 21:45:41,979 [INFO] Websocket connected
2026-03-21 21:45:41,988 [INFO] Websocket connected
2026-03-21 21:45:43,628 [ERROR] Connection to remote host was lost. - goodbye
2026-03-21 21:45:44,393 [INFO] Websocket connected
2026-03-21 21:45:44,399 [INFO] Websocket connected
2026-03-21 21:45:45,607 [ERROR] Connection to remote host was lost. - goodbye
2026-03-21 21:45:46,029 [INFO]   SFS : 481 joueurs récupérés (tentative 1)
2026-03-21 21:45:46,036 [INFO]   Jointure Sofascore : 907/1158 (78.3%)
2026-03-21 21:45:46,136 [INFO]   Ligue sauvegardée dans data\transfermarkt\players_enriched.csv
2026-03-21 21:45:46,136 [INFO]   Pause 11.6s...
2026-03-21 21:45:57,734 [INFO] 
=======================================================
2026-03-21 21:45:57,734 [INFO] === Italy Serie A ===
2026-03-21 21:45:57,735 [INFO] =======================================================
2026-03-21 21:45:57,739 [INFO]   1493 joueurs TM dans cette ligue
2026-03-21 21:46:30,076 [INFO]   CAP : 700 joueurs récupérés (tentative 1)
2026-03-21 21:46:30,081 [INFO]   Jointure Capology : 1217/1493 (81.5%)
2026-03-21 21:46:30,611 [INFO] Websocket connected
2026-03-21 21:46:30,619 [INFO] Websocket connected
2026-03-21 21:46:31,791 [ERROR] Connection to remote host was lost. - goodbye
2026-03-21 21:46:32,500 [INFO] Websocket connected
2026-03-21 21:46:32,507 [INFO] Websocket connected
2026-03-21 21:46:34,346 [ERROR] Connection to remote host was lost. - goodbye
2026-03-21 21:46:35,094 [INFO] Websocket connected
2026-03-21 21:46:35,101 [INFO] Websocket connected
2026-03-21 21:46:36,624 [ERROR] Connection to remote host was lost. - goodbye
2026-03-21 21:46:37,380 [INFO] Websocket connected
2026-03-21 21:46:37,384 [INFO] Websocket connected
2026-03-21 21:46:38,660 [ERROR] Connection to remote host was lost. - goodbye
2026-03-21 21:46:39,410 [INFO] Websocket connected
2026-03-21 21:46:39,415 [INFO] Websocket connected
2026-03-21 21:46:42,029 [ERROR] Connection to remote host was lost. - goodbye
2026-03-21 21:46:42,813 [INFO] Websocket connected
2026-03-21 21:46:42,852 [INFO] Websocket connected
2026-03-21 21:46:45,183 [ERROR] Connection to remote host was lost. - goodbye
2026-03-21 21:46:46,029 [INFO] Websocket connected
2026-03-21 21:46:46,037 [INFO] Websocket connected
2026-03-21 21:46:47,502 [ERROR] Connection to remote host was lost. - goodbye
2026-03-21 21:46:48,112 [INFO]   SFS : 599 joueurs récupérés (tentative 1)
2026-03-21 21:46:48,119 [INFO]   Jointure Sofascore : 1138/1493 (76.2%)
2026-03-21 21:46:48,253 [INFO]   Ligue sauvegardée dans data\transfermarkt\players_enriched.csv
2026-03-21 21:46:48,254 [INFO]   Pause 13.5s...
2026-03-21 21:47:01,744 [INFO] 
=======================================================
2026-03-21 21:47:01,745 [INFO] === Netherlands Eredivisie ===
2026-03-21 21:47:01,746 [INFO] =======================================================
2026-03-21 21:47:01,749 [INFO]   1191 joueurs TM dans cette ligue
2026-03-21 21:47:41,347 [INFO]   CAP : 553 joueurs récupérés (tentative 1)
2026-03-21 21:47:41,351 [INFO]   Jointure Capology : 1031/1191 (86.6%)
2026-03-21 21:47:41,868 [INFO] Websocket connected
2026-03-21 21:47:41,876 [INFO] Websocket connected
2026-03-21 21:47:42,985 [ERROR] Connection to remote host was lost. - goodbye
2026-03-21 21:47:43,731 [INFO] Websocket connected
2026-03-21 21:47:43,736 [INFO] Websocket connected
2026-03-21 21:47:45,278 [ERROR] Connection to remote host was lost. - goodbye
2026-03-21 21:47:45,967 [INFO] Websocket connected
2026-03-21 21:47:45,973 [INFO] Websocket connected
2026-03-21 21:47:47,310 [ERROR] Connection to remote host was lost. - goodbye
2026-03-21 21:47:48,063 [INFO] Websocket connected
2026-03-21 21:47:48,068 [INFO] Websocket connected
2026-03-21 21:47:49,360 [ERROR] Connection to remote host was lost. - goodbye
2026-03-21 21:47:50,052 [INFO] Websocket connected
2026-03-21 21:47:50,058 [INFO] Websocket connected
2026-03-21 21:47:51,369 [ERROR] Connection to remote host was lost. - goodbye
2026-03-21 21:47:52,065 [INFO] Websocket connected
2026-03-21 21:47:52,071 [INFO] Websocket connected
2026-03-21 21:47:53,277 [ERROR] Connection to remote host was lost. - goodbye
2026-03-21 21:47:53,966 [INFO] Websocket connected
2026-03-21 21:47:53,971 [INFO] Websocket connected
2026-03-21 21:47:55,002 [ERROR] Connection to remote host was lost. - goodbye
2026-03-21 21:47:55,504 [INFO]   SFS : 520 joueurs récupérés (tentative 1)
2026-03-21 21:47:55,511 [INFO]   Jointure Sofascore : 964/1191 (80.9%)
2026-03-21 21:47:55,607 [INFO]   Ligue sauvegardée dans data\transfermarkt\players_enriched.csv
2026-03-21 21:47:55,608 [INFO]   Pause 10.0s...
2026-03-21 21:48:05,635 [INFO] 
=======================================================
2026-03-21 21:48:05,636 [INFO] === Portugal Primeira Liga ===
2026-03-21 21:48:05,636 [INFO] =======================================================
2026-03-21 21:48:05,639 [INFO]   1219 joueurs TM dans cette ligue
2026-03-21 21:48:41,350 [INFO]   CAP : 605 joueurs récupérés (tentative 1)
2026-03-21 21:48:41,354 [INFO]   Jointure Capology : 1056/1219 (86.6%)
2026-03-21 21:48:41,878 [INFO] Websocket connected
2026-03-21 21:48:41,885 [INFO] Websocket connected
2026-03-21 21:48:46,481 [ERROR] Connection to remote host was lost. - goodbye
2026-03-21 21:48:47,386 [INFO] Websocket connected
2026-03-21 21:48:47,396 [INFO] Websocket connected
2026-03-21 21:48:53,879 [ERROR] Connection to remote host was lost. - goodbye
2026-03-21 21:48:54,685 [INFO] Websocket connected
2026-03-21 21:48:54,693 [INFO] Websocket connected
2026-03-21 21:48:59,389 [ERROR] Connection to remote host was lost. - goodbye
2026-03-21 21:49:00,206 [INFO] Websocket connected
2026-03-21 21:49:00,217 [INFO] Websocket connected
2026-03-21 21:49:02,765 [ERROR] Connection to remote host was lost. - goodbye
2026-03-21 21:49:03,529 [INFO] Websocket connected
2026-03-21 21:49:03,542 [INFO] Websocket connected
2026-03-21 21:49:05,880 [ERROR] Connection to remote host was lost. - goodbye
2026-03-21 21:49:06,642 [INFO] Websocket connected
2026-03-21 21:49:06,696 [INFO] Websocket connected
2026-03-21 21:49:08,927 [ERROR] Connection to remote host was lost. - goodbye
2026-03-21 21:49:09,753 [INFO] Websocket connected
2026-03-21 21:49:09,764 [INFO] Websocket connected
2026-03-21 21:49:12,390 [ERROR] Connection to remote host was lost. - goodbye
2026-03-21 21:49:12,947 [INFO]   SFS : 568 joueurs récupérés (tentative 1)
2026-03-21 21:49:12,954 [INFO]   Jointure Sofascore : 1043/1219 (85.6%)
2026-03-21 21:49:13,055 [INFO]   Ligue sauvegardée dans data\transfermarkt\players_enriched.csv
2026-03-21 21:49:13,055 [INFO]   Pause 15.8s...
2026-03-21 21:49:28,863 [INFO] 
=======================================================
2026-03-21 21:49:28,863 [INFO] === Argentina Liga Profesional ===
2026-03-21 21:49:28,864 [INFO] =======================================================
2026-03-21 21:49:28,868 [INFO]   2407 joueurs TM dans cette ligue
2026-03-21 21:49:28,869 [INFO]   Capology : non disponible pour cette ligue
2026-03-21 21:49:29,403 [INFO] Websocket connected
2026-03-21 21:49:29,410 [INFO] Websocket connected
2026-03-21 21:49:34,019 [ERROR] Connection to remote host was lost. - goodbye
2026-03-21 21:49:34,839 [INFO] Websocket connected
2026-03-21 21:49:34,850 [INFO] Websocket connected
2026-03-21 21:49:38,686 [ERROR] Connection to remote host was lost. - goodbye
2026-03-21 21:49:39,511 [INFO] Websocket connected
2026-03-21 21:49:39,516 [INFO] Websocket connected
2026-03-21 21:49:42,886 [ERROR] Connection to remote host was lost. - goodbye
2026-03-21 21:49:43,681 [INFO] Websocket connected
2026-03-21 21:49:43,689 [INFO] Websocket connected
2026-03-21 21:49:47,023 [ERROR] Connection to remote host was lost. - goodbye
2026-03-21 21:49:47,875 [INFO] Websocket connected
2026-03-21 21:49:47,881 [INFO] Websocket connected
2026-03-21 21:49:50,877 [ERROR] Connection to remote host was lost. - goodbye
2026-03-21 21:49:51,775 [INFO] Websocket connected
2026-03-21 21:49:51,813 [INFO] Websocket connected
2026-03-21 21:49:55,132 [ERROR] Connection to remote host was lost. - goodbye
2026-03-21 21:49:55,917 [INFO] Websocket connected
2026-03-21 21:49:55,981 [INFO] Websocket connected
2026-03-21 21:49:58,157 [ERROR] Connection to remote host was lost. - goodbye
2026-03-21 21:49:58,978 [INFO] Websocket connected
2026-03-21 21:49:59,010 [INFO] Websocket connected
2026-03-21 21:50:01,698 [ERROR] Connection to remote host was lost. - goodbye
2026-03-21 21:50:02,560 [INFO] Websocket connected
2026-03-21 21:50:02,571 [INFO] Websocket connected
2026-03-21 21:50:04,658 [ERROR] Connection to remote host was lost. - goodbye
2026-03-21 21:50:05,362 [INFO] Websocket connected
2026-03-21 21:50:05,367 [INFO] Websocket connected
2026-03-21 21:50:08,871 [ERROR] Connection to remote host was lost. - goodbye
2026-03-21 21:50:09,732 [INFO] Websocket connected
2026-03-21 21:50:09,742 [INFO] Websocket connected
2026-03-21 21:50:12,217 [ERROR] Connection to remote host was lost. - goodbye
2026-03-21 21:50:12,980 [INFO]   SFS : 932 joueurs récupérés (tentative 1)
2026-03-21 21:50:12,989 [INFO]   Jointure Sofascore : 1636/2407 (68.0%)
2026-03-21 21:50:13,150 [INFO]   Ligue sauvegardée dans data\transfermarkt\players_enriched.csv
2026-03-21 21:50:13,151 [INFO]   Pause 19.9s...
2026-03-21 21:50:33,064 [INFO] 
=======================================================
2026-03-21 21:50:33,065 [INFO] === Spain La Liga ===
2026-03-21 21:50:33,065 [INFO] =======================================================
2026-03-21 21:50:33,068 [INFO]   1397 joueurs TM dans cette ligue
2026-03-21 21:50:33,069 [INFO]   Capology : non disponible pour cette ligue
2026-03-21 21:50:33,627 [INFO] Websocket connected
2026-03-21 21:50:33,654 [INFO] Websocket connected
2026-03-21 21:50:37,178 [ERROR] Connection to remote host was lost. - goodbye
2026-03-21 21:50:38,135 [INFO] Websocket connected
2026-03-21 21:50:38,148 [INFO] Websocket connected
2026-03-21 21:50:41,349 [ERROR] Connection to remote host was lost. - goodbye
2026-03-21 21:50:42,141 [INFO] Websocket connected
2026-03-21 21:50:42,147 [INFO] Websocket connected
2026-03-21 21:50:44,671 [ERROR] Connection to remote host was lost. - goodbye
2026-03-21 21:50:45,765 [INFO] Websocket connected
2026-03-21 21:50:45,878 [INFO] Websocket connected
2026-03-21 21:50:48,807 [ERROR] Connection to remote host was lost. - goodbye
2026-03-21 21:50:49,642 [INFO] Websocket connected
2026-03-21 21:50:49,649 [INFO] Websocket connected
2026-03-21 21:50:51,674 [ERROR] Connection to remote host was lost. - goodbye
2026-03-21 21:50:52,420 [INFO] Websocket connected
2026-03-21 21:50:52,430 [INFO] Websocket connected
2026-03-21 21:50:55,115 [ERROR] Connection to remote host was lost. - goodbye
2026-03-21 21:50:55,919 [INFO] Websocket connected
2026-03-21 21:50:55,937 [INFO] Websocket connected
2026-03-21 21:50:58,167 [ERROR] Connection to remote host was lost. - goodbye
2026-03-21 21:50:58,706 [INFO]   SFS : 589 joueurs récupérés (tentative 1)
2026-03-21 21:50:58,712 [INFO]   Jointure Sofascore : 1030/1397 (73.7%)
2026-03-21 21:50:58,828 [INFO]   Ligue sauvegardée dans data\transfermarkt\players_enriched.csv
2026-03-21 21:50:58,829 [INFO]   Pause 15.3s...
2026-03-21 21:51:14,179 [INFO] 
=======================================================
2026-03-21 21:51:14,180 [INFO] === Turkiye Super Lig ===
2026-03-21 21:51:14,180 [INFO] =======================================================
2026-03-21 21:51:14,183 [INFO]   1327 joueurs TM dans cette ligue
2026-03-21 21:51:14,184 [INFO]   Capology : non disponible pour cette ligue
2026-03-21 21:51:14,729 [INFO] Websocket connected
2026-03-21 21:51:14,734 [INFO] Websocket connected
2026-03-21 21:51:17,899 [ERROR] Connection to remote host was lost. - goodbye
2026-03-21 21:51:18,725 [INFO] Websocket connected
2026-03-21 21:51:18,730 [INFO] Websocket connected
2026-03-21 21:51:20,891 [ERROR] Connection to remote host was lost. - goodbye
2026-03-21 21:51:21,600 [INFO] Websocket connected
2026-03-21 21:51:21,609 [INFO] Websocket connected
2026-03-21 21:51:23,886 [ERROR] Connection to remote host was lost. - goodbye
2026-03-21 21:51:24,698 [INFO] Websocket connected
2026-03-21 21:51:24,722 [INFO] Websocket connected
2026-03-21 21:51:27,286 [ERROR] Connection to remote host was lost. - goodbye
2026-03-21 21:51:28,182 [INFO] Websocket connected
2026-03-21 21:51:28,191 [INFO] Websocket connected
2026-03-21 21:51:30,619 [ERROR] Connection to remote host was lost. - goodbye
2026-03-21 21:51:31,410 [INFO] Websocket connected
2026-03-21 21:51:31,436 [INFO] Websocket connected
2026-03-21 21:51:33,404 [ERROR] Connection to remote host was lost. - goodbye
2026-03-21 21:51:34,218 [INFO] Websocket connected
2026-03-21 21:51:34,233 [INFO] Websocket connected
2026-03-21 21:51:36,673 [ERROR] Connection to remote host was lost. - goodbye
2026-03-21 21:51:37,315 [INFO]   SFS : 580 joueurs récupérés (tentative 1)
2026-03-21 21:51:37,320 [INFO]   Jointure Sofascore : 947/1327 (71.4%)
2026-03-21 21:51:37,417 [INFO]   Ligue sauvegardée dans data\transfermarkt\players_enriched.csv
2026-03-21 21:51:37,417 [INFO]   Pause 10.6s...
2026-03-21 21:51:48,004 [INFO] 
=======================================================
2026-03-21 21:51:48,005 [INFO] === USA MLS ===
2026-03-21 21:51:48,005 [INFO] =======================================================
2026-03-21 21:51:48,008 [INFO]   1731 joueurs TM dans cette ligue
2026-03-21 21:51:48,010 [INFO]   Capology : non disponible pour cette ligue
2026-03-21 21:51:48,531 [INFO] Websocket connected
2026-03-21 21:51:48,543 [INFO] Websocket connected
2026-03-21 21:51:55,584 [ERROR] Connection to remote host was lost. - goodbye
2026-03-21 21:51:56,419 [INFO] Websocket connected
2026-03-21 21:51:56,428 [INFO] Websocket connected
2026-03-21 21:52:00,326 [ERROR] Connection to remote host was lost. - goodbye
2026-03-21 21:52:01,119 [INFO] Websocket connected
2026-03-21 21:52:01,134 [INFO] Websocket connected
2026-03-21 21:52:03,340 [ERROR] Connection to remote host was lost. - goodbye
2026-03-21 21:52:04,117 [INFO] Websocket connected
2026-03-21 21:52:04,122 [INFO] Websocket connected
2026-03-21 21:52:06,166 [ERROR] Connection to remote host was lost. - goodbye
2026-03-21 21:52:06,918 [INFO] Websocket connected
2026-03-21 21:52:06,924 [INFO] Websocket connected
2026-03-21 21:52:08,995 [ERROR] Connection to remote host was lost. - goodbye
2026-03-21 21:52:09,759 [INFO] Websocket connected
2026-03-21 21:52:09,767 [INFO] Websocket connected
2026-03-21 21:52:12,497 [ERROR] Connection to remote host was lost. - goodbye
2026-03-21 21:52:13,304 [INFO] Websocket connected
2026-03-21 21:52:13,308 [INFO] Websocket connected
2026-03-21 21:52:14,900 [ERROR] Connection to remote host was lost. - goodbye
2026-03-21 21:52:15,600 [INFO] Websocket connected
2026-03-21 21:52:15,606 [INFO] Websocket connected
2026-03-21 21:52:17,531 [ERROR] Connection to remote host was lost. - goodbye
2026-03-21 21:52:18,278 [INFO] Websocket connected
2026-03-21 21:52:18,283 [INFO] Websocket connected
2026-03-21 21:52:20,434 [ERROR] Connection to remote host was lost. - goodbye
2026-03-21 21:52:21,291 [INFO] Websocket connected
2026-03-21 21:52:21,300 [INFO] Websocket connected
2026-03-21 21:52:23,285 [ERROR] Connection to remote host was lost. - goodbye
2026-03-21 21:52:23,933 [INFO]   SFS : 801 joueurs récupérés (tentative 1)
2026-03-21 21:52:23,941 [INFO]   Jointure Sofascore : 1345/1731 (77.7%)
2026-03-21 21:52:24,067 [INFO]   Ligue sauvegardée dans data\transfermarkt\players_enriched.csv
2026-03-21 21:52:24,067 [INFO]   Pause 13.0s...
2026-03-21 21:52:37,078 [INFO] 
=======================================================
2026-03-21 21:52:37,079 [INFO] === Belgium Pro League ===
2026-03-21 21:52:37,079 [INFO] =======================================================
2026-03-21 21:52:37,081 [INFO]   1140 joueurs TM dans cette ligue
2026-03-21 21:53:13,913 [WARNING]   CAP retry 1/2 (Belgium Pro League) : Message: 
 — pause 9.1s
2026-03-21 21:54:01,867 [ERROR]   CAP échec définitif (Belgium Pro League) : Message: 

2026-03-21 21:54:01,868 [INFO]   Sofascore : non disponible pour cette ligue
2026-03-21 21:54:01,875 [INFO]   Ligue sauvegardée dans data\transfermarkt\players_enriched.csv
2026-03-21 21:54:01,875 [INFO]   Pause 13.4s...
2026-03-21 21:54:15,277 [INFO] 
=======================================================
2026-03-21 21:54:15,277 [INFO] === Brazil Serie A ===
2026-03-21 21:54:15,278 [INFO] =======================================================
2026-03-21 21:54:15,281 [INFO]   1680 joueurs TM dans cette ligue
2026-03-21 21:54:15,282 [INFO]   Capology : non disponible pour cette ligue
2026-03-21 21:54:15,283 [INFO]   Sofascore : non disponible pour cette ligue
2026-03-21 21:54:15,294 [INFO]   Ligue sauvegardée dans data\transfermarkt\players_enriched.csv
2026-03-21 21:54:15,294 [INFO]   Pause 11.2s...
2026-03-21 21:54:26,537 [INFO] 
=======================================================
2026-03-21 21:54:26,537 [INFO] === Scotland Premier League ===
2026-03-21 21:54:26,537 [INFO] =======================================================
2026-03-21 21:54:26,540 [INFO]   822 joueurs TM dans cette ligue
2026-03-21 21:54:26,541 [INFO]   Capology : non disponible pour cette ligue
2026-03-21 21:54:26,541 [INFO]   Sofascore : non disponible pour cette ligue
2026-03-21 21:54:26,548 [INFO]   Ligue sauvegardée dans data\transfermarkt\players_enriched.csv
2026-03-21 21:54:26,548 [INFO]   Pause 17.6s...
2026-03-21 21:54:44,127 [INFO] 
=================================================================
2026-03-21 21:54:44,333 [INFO] Fichier final : data\transfermarkt\players_enriched.csv
2026-03-21 21:54:44,333 [INFO] Total : 18507 joueurs, 126 colonnes
2026-03-21 21:54:44,333 [INFO] 
Ligue                                     Capology            Sofascore      
2026-03-21 21:54:44,334 [INFO] ----------------------------------- -------------------- --------------------
2026-03-21 21:54:44,334 [INFO] England Premier League                 764/1427 (54%)      1081/1427 (76%)   
2026-03-21 21:54:44,334 [INFO] France Ligue 1                         987/1217 (81%)       974/1217 (80%)   
2026-03-21 21:54:44,335 [INFO] Germany Bundesliga                     557/1158 (48%)       907/1158 (78%)   
2026-03-21 21:54:44,335 [INFO] Italy Serie A                         1217/1493 (82%)      1138/1493 (76%)   
2026-03-21 21:54:44,335 [INFO] Netherlands Eredivisie                1031/1191 (87%)       964/1191 (81%)   
2026-03-21 21:54:44,335 [INFO] Portugal Primeira Liga                1056/1219 (87%)      1043/1219 (86%)   
2026-03-21 21:54:44,336 [INFO] Argentina Liga Profesional              N/A (absent)       1636/2407 (68%)   
2026-03-21 21:54:44,336 [INFO] Spain La Liga                           N/A (absent)       1030/1397 (74%)   
2026-03-21 21:54:44,336 [INFO] Turkiye Super Lig                       N/A (absent)        947/1327 (71%)   
2026-03-21 21:54:44,336 [INFO] USA MLS                                 N/A (absent)       1345/1731 (78%)   
2026-03-21 21:54:44,336 [INFO] Belgium Pro League                      0/1140 (0%)          N/A (absent)    
2026-03-21 21:54:44,336 [INFO] Brazil Serie A                          N/A (absent)         N/A (absent)    
2026-03-21 21:54:44,337 [INFO] Scotland Premier League                 N/A (absent)         N/A (absent)    
2026-03-21 21:54:44,337 [WARNING] 
Sources en échec persistant : ['Belgium Pro League|cap']
2026-03-21 21:59:01,458 [INFO] Chargement de data\transfermarkt\players_all.csv...
2026-03-21 21:59:01,557 [INFO] 18209 joueurs chargés, 13 ligues
2026-03-21 21:59:01,590 [INFO] 
=======================================================
2026-03-21 21:59:01,591 [INFO] === England Premier League ===
2026-03-21 21:59:01,592 [INFO] =======================================================
2026-03-21 21:59:01,596 [INFO]   1427 joueurs TM dans cette ligue
2026-03-21 21:59:01,598 [INFO]   Capology : déjà traité [checkpoint]
2026-03-21 21:59:01,599 [INFO]   Sofascore : déjà traité [checkpoint]
2026-03-21 21:59:01,611 [INFO]   Ligue sauvegardée dans data\transfermarkt\players_enriched.csv
2026-03-21 21:59:01,612 [INFO]   Pause 11.2s...
2026-03-21 21:59:12,791 [INFO] 
=======================================================
2026-03-21 21:59:12,791 [INFO] === France Ligue 1 ===
2026-03-21 21:59:12,792 [INFO] =======================================================
2026-03-21 21:59:12,794 [INFO]   1217 joueurs TM dans cette ligue
2026-03-21 21:59:12,796 [INFO]   Capology : déjà traité [checkpoint]
2026-03-21 21:59:12,796 [INFO]   Sofascore : déjà traité [checkpoint]
2026-03-21 21:59:12,804 [INFO]   Ligue sauvegardée dans data\transfermarkt\players_enriched.csv
2026-03-21 21:59:12,804 [INFO]   Pause 18.8s...
2026-03-21 21:59:31,557 [INFO] 
=======================================================
2026-03-21 21:59:31,558 [INFO] === Germany Bundesliga ===
2026-03-21 21:59:31,559 [INFO] =======================================================
2026-03-21 21:59:31,561 [INFO]   1158 joueurs TM dans cette ligue
2026-03-21 21:59:31,563 [INFO]   Capology : déjà traité [checkpoint]
2026-03-21 21:59:31,563 [INFO]   Sofascore : déjà traité [checkpoint]
2026-03-21 21:59:31,572 [INFO]   Ligue sauvegardée dans data\transfermarkt\players_enriched.csv
2026-03-21 21:59:31,573 [INFO]   Pause 14.7s...
2026-03-21 21:59:46,318 [INFO] 
=======================================================
2026-03-21 21:59:46,319 [INFO] === Italy Serie A ===
2026-03-21 21:59:46,319 [INFO] =======================================================
2026-03-21 21:59:46,322 [INFO]   1493 joueurs TM dans cette ligue
2026-03-21 21:59:46,323 [INFO]   Capology : déjà traité [checkpoint]
2026-03-21 21:59:46,324 [INFO]   Sofascore : déjà traité [checkpoint]
2026-03-21 21:59:46,333 [INFO]   Ligue sauvegardée dans data\transfermarkt\players_enriched.csv
2026-03-21 21:59:46,334 [INFO]   Pause 16.4s...
2026-03-21 22:00:02,784 [INFO] 
=======================================================
2026-03-21 22:00:02,785 [INFO] === Netherlands Eredivisie ===
2026-03-21 22:00:02,786 [INFO] =======================================================
2026-03-21 22:00:02,789 [INFO]   1191 joueurs TM dans cette ligue
2026-03-21 22:00:02,790 [INFO]   Capology : déjà traité [checkpoint]
2026-03-21 22:00:02,791 [INFO]   Sofascore : déjà traité [checkpoint]
2026-03-21 22:00:02,799 [INFO]   Ligue sauvegardée dans data\transfermarkt\players_enriched.csv
2026-03-21 22:00:02,800 [INFO]   Pause 12.4s...
2026-03-21 22:00:15,158 [INFO] 
=======================================================
2026-03-21 22:00:15,159 [INFO] === Portugal Primeira Liga ===
2026-03-21 22:00:15,159 [INFO] =======================================================
2026-03-21 22:00:15,162 [INFO]   1219 joueurs TM dans cette ligue
2026-03-21 22:00:15,163 [INFO]   Capology : déjà traité [checkpoint]
2026-03-21 22:00:15,163 [INFO]   Sofascore : déjà traité [checkpoint]
2026-03-21 22:00:15,173 [INFO]   Ligue sauvegardée dans data\transfermarkt\players_enriched.csv
2026-03-21 22:00:15,174 [INFO]   Pause 15.1s...
2026-03-21 22:00:30,313 [INFO] 
=======================================================
2026-03-21 22:00:30,313 [INFO] === Argentina Liga Profesional ===
2026-03-21 22:00:30,313 [INFO] =======================================================
2026-03-21 22:00:30,317 [INFO]   2407 joueurs TM dans cette ligue
2026-03-21 22:00:30,318 [INFO]   Capology : non disponible pour cette ligue
2026-03-21 22:00:30,319 [INFO]   Sofascore : déjà traité [checkpoint]
2026-03-21 22:00:30,334 [INFO]   Ligue sauvegardée dans data\transfermarkt\players_enriched.csv
2026-03-21 22:00:30,335 [INFO]   Pause 10.6s...
2026-03-21 22:00:40,945 [INFO] 
=======================================================
2026-03-21 22:00:40,946 [INFO] === Spain La Liga ===
2026-03-21 22:00:40,946 [INFO] =======================================================
2026-03-21 22:00:40,949 [INFO]   1397 joueurs TM dans cette ligue
2026-03-21 22:00:40,950 [INFO]   Capology : non disponible pour cette ligue
2026-03-21 22:00:40,950 [INFO]   Sofascore : déjà traité [checkpoint]
2026-03-21 22:00:40,959 [INFO]   Ligue sauvegardée dans data\transfermarkt\players_enriched.csv
2026-03-21 22:00:40,959 [INFO]   Pause 12.6s...
2026-03-21 22:00:53,603 [INFO] 
=======================================================
2026-03-21 22:00:53,604 [INFO] === Turkiye Super Lig ===
2026-03-21 22:00:53,604 [INFO] =======================================================
2026-03-21 22:00:53,607 [INFO]   1327 joueurs TM dans cette ligue
2026-03-21 22:00:53,609 [INFO]   Capology : non disponible pour cette ligue
2026-03-21 22:00:53,609 [INFO]   Sofascore : déjà traité [checkpoint]
2026-03-21 22:00:53,618 [INFO]   Ligue sauvegardée dans data\transfermarkt\players_enriched.csv
2026-03-21 22:00:53,618 [INFO]   Pause 15.5s...
2026-03-21 22:01:09,140 [INFO] 
=======================================================
2026-03-21 22:01:09,141 [INFO] === USA MLS ===
2026-03-21 22:01:09,141 [INFO] =======================================================
2026-03-21 22:01:09,144 [INFO]   1731 joueurs TM dans cette ligue
2026-03-21 22:01:09,145 [INFO]   Capology : non disponible pour cette ligue
2026-03-21 22:01:09,145 [INFO]   Sofascore : déjà traité [checkpoint]
2026-03-21 22:01:09,154 [INFO]   Ligue sauvegardée dans data\transfermarkt\players_enriched.csv
2026-03-21 22:01:09,155 [INFO]   Pause 16.7s...
2026-03-21 22:01:25,824 [INFO] 
=======================================================
2026-03-21 22:01:25,824 [INFO] === Belgium Pro League ===
2026-03-21 22:01:25,825 [INFO] =======================================================
2026-03-21 22:01:25,827 [INFO]   1140 joueurs TM dans cette ligue
2026-03-21 22:02:06,593 [WARNING]   CAP retry 1/2 (Belgium Pro League) : Message: 
 — pause 8.5s
2026-03-21 22:02:54,062 [ERROR]   CAP échec définitif (Belgium Pro League) : Message: 

2026-03-21 22:02:54,062 [INFO]   Sofascore : non disponible pour cette ligue
2026-03-21 22:02:54,070 [INFO]   Ligue sauvegardée dans data\transfermarkt\players_enriched.csv
2026-03-21 22:02:54,070 [INFO]   Pause 14.6s...
2026-03-21 22:03:08,632 [INFO] 
=======================================================
2026-03-21 22:03:08,632 [INFO] === Brazil Serie A ===
2026-03-21 22:03:08,632 [INFO] =======================================================
2026-03-21 22:03:08,635 [INFO]   1680 joueurs TM dans cette ligue
2026-03-21 22:03:08,636 [INFO]   Capology : non disponible pour cette ligue
2026-03-21 22:03:08,637 [INFO]   Sofascore : non disponible pour cette ligue
2026-03-21 22:03:08,644 [INFO]   Ligue sauvegardée dans data\transfermarkt\players_enriched.csv
2026-03-21 22:03:08,645 [INFO]   Pause 17.2s...
2026-03-21 22:03:25,845 [INFO] 
=======================================================
2026-03-21 22:03:25,846 [INFO] === Scotland Premier League ===
2026-03-21 22:03:25,846 [INFO] =======================================================
2026-03-21 22:03:25,849 [INFO]   822 joueurs TM dans cette ligue
2026-03-21 22:03:25,850 [INFO]   Capology : non disponible pour cette ligue
2026-03-21 22:03:25,850 [INFO]   Sofascore : non disponible pour cette ligue
2026-03-21 22:03:25,856 [INFO]   Ligue sauvegardée dans data\transfermarkt\players_enriched.csv
2026-03-21 22:03:25,857 [INFO]   Pause 19.6s...
2026-03-21 22:03:45,409 [INFO] 
=================================================================
2026-03-21 22:03:45,676 [INFO] Fichier final : data\transfermarkt\players_enriched.csv
2026-03-21 22:03:45,677 [INFO] Total : 36716 joueurs, 126 colonnes
2026-03-21 22:03:45,677 [INFO] 
Ligue                                     Capology            Sofascore      
2026-03-21 22:03:45,677 [INFO] ----------------------------------- -------------------- --------------------
2026-03-21 22:03:45,677 [INFO] England Premier League                [reprise] /1427      [reprise] /1427   
2026-03-21 22:03:45,677 [INFO] France Ligue 1                        [reprise] /1217      [reprise] /1217   
2026-03-21 22:03:45,678 [INFO] Germany Bundesliga                    [reprise] /1158      [reprise] /1158   
2026-03-21 22:03:45,678 [INFO] Italy Serie A                         [reprise] /1493      [reprise] /1493   
2026-03-21 22:03:45,678 [INFO] Netherlands Eredivisie                [reprise] /1191      [reprise] /1191   
2026-03-21 22:03:45,678 [INFO] Portugal Primeira Liga                [reprise] /1219      [reprise] /1219   
2026-03-21 22:03:45,678 [INFO] Argentina Liga Profesional              N/A (absent)       [reprise] /2407   
2026-03-21 22:03:45,678 [INFO] Spain La Liga                           N/A (absent)       [reprise] /1397   
2026-03-21 22:03:45,678 [INFO] Turkiye Super Lig                       N/A (absent)       [reprise] /1327   
2026-03-21 22:03:45,679 [INFO] USA MLS                                 N/A (absent)       [reprise] /1731   
2026-03-21 22:03:45,679 [INFO] Belgium Pro League                      0/1140 (0%)          N/A (absent)    
2026-03-21 22:03:45,679 [INFO] Brazil Serie A                          N/A (absent)         N/A (absent)    
2026-03-21 22:03:45,679 [INFO] Scotland Premier League                 N/A (absent)         N/A (absent)    
2026-03-21 22:03:45,679 [WARNING] 
Sources en échec persistant : ['Belgium Pro League|cap']
2026-03-21 22:24:28,603 [INFO] Chargement de data\transfermarkt\players_all.csv...
2026-03-21 22:24:28,707 [INFO] 18209 joueurs chargés
2026-03-21 22:24:28,742 [INFO] 
=======================================================
=== England Premier League ===
=======================================================
2026-03-21 22:24:28,746 [INFO]   1427 joueurs TM
2026-03-21 22:24:28,748 [INFO]   Capology : déjà en cache, re-scraping pour reconstruction...
2026-03-21 22:24:53,525 [INFO]   CAP : 300 joueurs récupérés (tentative 1)
2026-03-21 22:24:53,530 [INFO]   Jointure Capology : 582/1427 (40.8%)
2026-03-21 22:24:53,531 [INFO]   Sofascore : déjà en cache, re-scraping pour reconstruction...
2026-03-21 22:24:54,057 [INFO] Websocket connected
2026-03-21 22:24:54,064 [INFO] Websocket connected
2026-03-21 22:24:55,202 [ERROR] Connection to remote host was lost. - goodbye
2026-03-21 22:24:55,960 [INFO] Websocket connected
2026-03-21 22:24:55,965 [INFO] Websocket connected
2026-03-21 22:24:57,300 [ERROR] Connection to remote host was lost. - goodbye
2026-03-21 22:24:58,081 [INFO] Websocket connected
2026-03-21 22:24:58,089 [INFO] Websocket connected
2026-03-21 22:24:59,406 [ERROR] Connection to remote host was lost. - goodbye
2026-03-21 22:25:00,144 [INFO] Websocket connected
2026-03-21 22:25:00,152 [INFO] Websocket connected
2026-03-21 22:25:01,437 [ERROR] Connection to remote host was lost. - goodbye
2026-03-21 22:25:02,130 [INFO] Websocket connected
2026-03-21 22:25:02,140 [INFO] Websocket connected
2026-03-21 22:25:03,373 [ERROR] Connection to remote host was lost. - goodbye
2026-03-21 22:25:04,079 [INFO] Websocket connected
2026-03-21 22:25:04,085 [INFO] Websocket connected
2026-03-21 22:25:05,601 [ERROR] Connection to remote host was lost. - goodbye
2026-03-21 22:25:06,349 [INFO] Websocket connected
2026-03-21 22:25:06,358 [INFO] Websocket connected
2026-03-21 22:25:07,758 [ERROR] Connection to remote host was lost. - goodbye
2026-03-21 22:25:08,230 [INFO]   SFS : 562 joueurs récupérés (tentative 1)
2026-03-21 22:25:08,236 [INFO]   Jointure Sofascore : 1077/1427 (75.5%)
2026-03-21 22:25:08,241 [INFO]   Pause 19.4s...
2026-03-21 22:25:27,685 [INFO] 
=======================================================
=== France Ligue 1 ===
=======================================================
2026-03-21 22:25:27,688 [INFO]   1217 joueurs TM
2026-03-21 22:25:27,689 [INFO]   Capology : déjà en cache, re-scraping pour reconstruction...
2026-03-21 22:25:49,064 [INFO]   CAP : 561 joueurs récupérés (tentative 1)
2026-03-21 22:25:49,067 [INFO]   Jointure Capology : 987/1217 (81.1%)
2026-03-21 22:25:49,067 [INFO]   Sofascore : déjà en cache, re-scraping pour reconstruction...
2026-03-21 22:25:49,593 [INFO] Websocket connected
2026-03-21 22:25:49,602 [INFO] Websocket connected
2026-03-21 22:25:50,813 [ERROR] Connection to remote host was lost. - goodbye
2026-03-21 22:25:51,618 [INFO] Websocket connected
2026-03-21 22:25:51,652 [INFO] Websocket connected
2026-03-21 22:25:53,350 [ERROR] Connection to remote host was lost. - goodbye
2026-03-21 22:25:54,383 [INFO] Websocket connected
2026-03-21 22:25:54,413 [INFO] Websocket connected
2026-03-21 22:25:55,995 [ERROR] Connection to remote host was lost. - goodbye
2026-03-21 22:25:56,956 [INFO] Websocket connected
2026-03-21 22:25:57,085 [INFO] Websocket connected
2026-03-21 22:25:58,289 [ERROR] Connection to remote host was lost. - goodbye
2026-03-21 22:25:59,285 [INFO] Websocket connected
2026-03-21 22:25:59,317 [INFO] Websocket connected
2026-03-21 22:26:00,635 [ERROR] Connection to remote host was lost. - goodbye
2026-03-21 22:26:01,621 [INFO] Websocket connected
2026-03-21 22:26:01,635 [INFO] Websocket connected
2026-03-21 22:26:02,950 [ERROR] Connection to remote host was lost. - goodbye
2026-03-21 22:26:03,886 [INFO] Websocket connected
2026-03-21 22:26:03,915 [INFO] Websocket connected
2026-03-21 22:26:05,187 [ERROR] Connection to remote host was lost. - goodbye
2026-03-21 22:26:05,718 [INFO]   SFS : 542 joueurs récupérés (tentative 1)
2026-03-21 22:26:05,726 [INFO]   Jointure Sofascore : 974/1217 (80.0%)
2026-03-21 22:26:05,730 [INFO]   Pause 20.0s...
2026-03-21 22:26:25,692 [INFO] 
=======================================================
=== Germany Bundesliga ===
=======================================================
2026-03-21 22:26:25,695 [INFO]   1158 joueurs TM
2026-03-21 22:26:25,696 [INFO]   Capology : déjà en cache, re-scraping pour reconstruction...
2026-03-21 22:26:47,413 [INFO]   CAP : 566 joueurs récupérés (tentative 1)
2026-03-21 22:26:47,418 [INFO]   Jointure Capology : 1031/1158 (89.0%)
2026-03-21 22:26:47,418 [INFO]   Sofascore : déjà en cache, re-scraping pour reconstruction...
2026-03-21 22:26:47,963 [INFO] Websocket connected
2026-03-21 22:26:47,989 [INFO] Websocket connected
2026-03-21 22:26:49,109 [ERROR] Connection to remote host was lost. - goodbye
2026-03-21 22:26:49,824 [INFO] Websocket connected
2026-03-21 22:26:49,850 [INFO] Websocket connected
2026-03-21 22:26:51,232 [ERROR] Connection to remote host was lost. - goodbye
2026-03-21 22:26:52,038 [INFO] Websocket connected
2026-03-21 22:26:52,100 [INFO] Websocket connected
2026-03-21 22:26:53,560 [ERROR] Connection to remote host was lost. - goodbye
2026-03-21 22:26:54,322 [INFO] Websocket connected
2026-03-21 22:26:54,334 [INFO] Websocket connected
2026-03-21 22:26:55,799 [ERROR] Connection to remote host was lost. - goodbye
2026-03-21 22:26:56,586 [INFO] Websocket connected
2026-03-21 22:26:56,603 [INFO] Websocket connected
2026-03-21 22:26:58,177 [ERROR] Connection to remote host was lost. - goodbye
2026-03-21 22:26:58,992 [INFO] Websocket connected
2026-03-21 22:26:59,012 [INFO] Websocket connected
2026-03-21 22:27:00,236 [ERROR] Connection to remote host was lost. - goodbye
2026-03-21 22:27:00,762 [INFO]   SFS : 481 joueurs récupérés (tentative 1)
2026-03-21 22:27:00,768 [INFO]   Jointure Sofascore : 915/1158 (79.0%)
2026-03-21 22:27:00,772 [INFO]   Pause 19.3s...
2026-03-21 22:27:20,082 [INFO] 
=======================================================
=== Italy Serie A ===
=======================================================
2026-03-21 22:27:20,085 [INFO]   1493 joueurs TM
2026-03-21 22:27:20,087 [INFO]   Capology : déjà en cache, re-scraping pour reconstruction...
2026-03-21 22:27:40,096 [INFO]   CAP : 400 joueurs récupérés (tentative 1)
2026-03-21 22:27:40,099 [INFO]   Jointure Capology : 700/1493 (46.9%)
2026-03-21 22:27:40,100 [INFO]   Sofascore : déjà en cache, re-scraping pour reconstruction...
2026-03-21 22:27:40,625 [INFO] Websocket connected
2026-03-21 22:27:40,638 [INFO] Websocket connected
2026-03-21 22:27:41,865 [ERROR] Connection to remote host was lost. - goodbye
2026-03-21 22:27:42,565 [INFO] Websocket connected
2026-03-21 22:27:42,570 [INFO] Websocket connected
2026-03-21 22:27:43,826 [ERROR] Connection to remote host was lost. - goodbye
2026-03-21 22:27:44,516 [INFO] Websocket connected
2026-03-21 22:27:44,523 [INFO] Websocket connected
2026-03-21 22:27:45,834 [ERROR] Connection to remote host was lost. - goodbye
2026-03-21 22:27:46,532 [INFO] Websocket connected
2026-03-21 22:27:46,538 [INFO] Websocket connected
2026-03-21 22:27:47,952 [ERROR] Connection to remote host was lost. - goodbye
2026-03-21 22:27:48,720 [INFO] Websocket connected
2026-03-21 22:27:48,727 [INFO] Websocket connected
2026-03-21 22:27:51,793 [ERROR] Connection to remote host was lost. - goodbye
2026-03-21 22:27:52,586 [INFO] Websocket connected
2026-03-21 22:27:52,591 [INFO] Websocket connected
2026-03-21 22:27:53,787 [ERROR] Connection to remote host was lost. - goodbye
2026-03-21 22:27:54,555 [INFO] Websocket connected
2026-03-21 22:27:54,561 [INFO] Websocket connected
2026-03-21 22:27:55,879 [ERROR] Connection to remote host was lost. - goodbye
2026-03-21 22:27:56,544 [INFO]   SFS : 599 joueurs récupérés (tentative 1)
2026-03-21 22:27:56,550 [INFO]   Jointure Sofascore : 1108/1493 (74.2%)
2026-03-21 22:27:56,554 [INFO]   Pause 17.4s...
2026-03-21 22:28:13,979 [INFO] 
=======================================================
=== Netherlands Eredivisie ===
=======================================================
2026-03-21 22:28:13,982 [INFO]   1191 joueurs TM
2026-03-21 22:28:13,984 [INFO]   Capology : déjà en cache, re-scraping pour reconstruction...
2026-03-21 22:28:38,385 [INFO]   CAP : 553 joueurs récupérés (tentative 1)
2026-03-21 22:28:38,389 [INFO]   Jointure Capology : 1031/1191 (86.6%)
2026-03-21 22:28:38,389 [INFO]   Sofascore : déjà en cache, re-scraping pour reconstruction...
2026-03-21 22:28:39,070 [INFO] Websocket connected
2026-03-21 22:28:39,080 [INFO] Websocket connected
2026-03-21 22:28:39,979 [ERROR] Connection to remote host was lost. - goodbye
2026-03-21 22:28:40,785 [INFO] Websocket connected
2026-03-21 22:28:40,798 [INFO] Websocket connected
2026-03-21 22:28:42,091 [ERROR] Connection to remote host was lost. - goodbye
2026-03-21 22:28:42,846 [INFO] Websocket connected
2026-03-21 22:28:42,852 [INFO] Websocket connected
2026-03-21 22:28:44,566 [ERROR] Connection to remote host was lost. - goodbye
2026-03-21 22:28:45,256 [INFO] Websocket connected
2026-03-21 22:28:45,262 [INFO] Websocket connected
2026-03-21 22:28:46,744 [ERROR] Connection to remote host was lost. - goodbye
2026-03-21 22:28:47,501 [INFO] Websocket connected
2026-03-21 22:28:47,506 [INFO] Websocket connected
2026-03-21 22:28:48,759 [ERROR] Connection to remote host was lost. - goodbye
2026-03-21 22:28:49,507 [INFO] Websocket connected
2026-03-21 22:28:49,513 [INFO] Websocket connected
2026-03-21 22:28:50,749 [ERROR] Connection to remote host was lost. - goodbye
2026-03-21 22:28:51,501 [INFO] Websocket connected
2026-03-21 22:28:51,506 [INFO] Websocket connected
2026-03-21 22:28:52,561 [ERROR] Connection to remote host was lost. - goodbye
2026-03-21 22:28:53,084 [INFO]   SFS : 520 joueurs récupérés (tentative 1)
2026-03-21 22:28:53,091 [INFO]   Jointure Sofascore : 964/1191 (80.9%)
2026-03-21 22:28:53,095 [INFO]   Pause 19.5s...
2026-03-21 22:29:12,604 [INFO] 
=======================================================
=== Portugal Primeira Liga ===
=======================================================
2026-03-21 22:29:12,608 [INFO]   1219 joueurs TM
2026-03-21 22:29:12,609 [INFO]   Capology : déjà en cache, re-scraping pour reconstruction...
2026-03-21 22:29:34,871 [INFO]   CAP : 605 joueurs récupérés (tentative 1)
2026-03-21 22:29:34,875 [INFO]   Jointure Capology : 1056/1219 (86.6%)
2026-03-21 22:29:34,875 [INFO]   Sofascore : déjà en cache, re-scraping pour reconstruction...
2026-03-21 22:29:35,395 [INFO] Websocket connected
2026-03-21 22:29:35,401 [INFO] Websocket connected
2026-03-21 22:29:36,547 [ERROR] Connection to remote host was lost. - goodbye
2026-03-21 22:29:37,304 [INFO] Websocket connected
2026-03-21 22:29:37,310 [INFO] Websocket connected
2026-03-21 22:29:38,533 [ERROR] Connection to remote host was lost. - goodbye
2026-03-21 22:29:39,228 [INFO] Websocket connected
2026-03-21 22:29:39,236 [INFO] Websocket connected
2026-03-21 22:29:40,784 [ERROR] Connection to remote host was lost. - goodbye
2026-03-21 22:29:41,563 [INFO] Websocket connected
2026-03-21 22:29:41,582 [INFO] Websocket connected
2026-03-21 22:29:42,903 [ERROR] Connection to remote host was lost. - goodbye
2026-03-21 22:29:43,682 [INFO] Websocket connected
2026-03-21 22:29:43,716 [INFO] Websocket connected
2026-03-21 22:29:45,221 [ERROR] Connection to remote host was lost. - goodbye
2026-03-21 22:29:45,911 [INFO] Websocket connected
2026-03-21 22:29:45,922 [INFO] Websocket connected
2026-03-21 22:29:47,153 [ERROR] Connection to remote host was lost. - goodbye
2026-03-21 22:29:47,884 [INFO] Websocket connected
2026-03-21 22:29:47,901 [INFO] Websocket connected
2026-03-21 22:29:49,104 [ERROR] Connection to remote host was lost. - goodbye
2026-03-21 22:29:49,787 [INFO]   SFS : 568 joueurs récupérés (tentative 1)
2026-03-21 22:29:49,793 [INFO]   Jointure Sofascore : 1043/1219 (85.6%)
2026-03-21 22:29:49,797 [INFO]   Pause 12.0s...
2026-03-21 22:30:01,778 [INFO] 
=======================================================
=== Argentina Liga Profesional ===
=======================================================
2026-03-21 22:30:01,782 [INFO]   2407 joueurs TM
2026-03-21 22:30:01,784 [INFO]   Capology : non disponible
2026-03-21 22:30:01,784 [INFO]   Sofascore : déjà en cache, re-scraping pour reconstruction...
2026-03-21 22:30:02,377 [INFO] Websocket connected
2026-03-21 22:30:02,401 [INFO] Websocket connected
2026-03-21 22:30:03,343 [ERROR] Connection to remote host was lost. - goodbye
2026-03-21 22:30:04,038 [INFO] Websocket connected
2026-03-21 22:30:04,046 [INFO] Websocket connected
2026-03-21 22:30:05,324 [ERROR] Connection to remote host was lost. - goodbye
2026-03-21 22:30:06,011 [INFO] Websocket connected
2026-03-21 22:30:06,026 [INFO] Websocket connected
2026-03-21 22:30:07,754 [ERROR] Connection to remote host was lost. - goodbye
2026-03-21 22:30:08,553 [INFO] Websocket connected
2026-03-21 22:30:08,580 [INFO] Websocket connected
2026-03-21 22:30:10,214 [ERROR] Connection to remote host was lost. - goodbye
2026-03-21 22:30:11,086 [INFO] Websocket connected
2026-03-21 22:30:11,114 [INFO] Websocket connected
2026-03-21 22:30:12,335 [ERROR] Connection to remote host was lost. - goodbye
2026-03-21 22:30:13,150 [INFO] Websocket connected
2026-03-21 22:30:13,179 [INFO] Websocket connected
2026-03-21 22:30:14,479 [ERROR] Connection to remote host was lost. - goodbye
2026-03-21 22:30:15,317 [INFO] Websocket connected
2026-03-21 22:30:15,324 [INFO] Websocket connected
2026-03-21 22:30:17,019 [ERROR] Connection to remote host was lost. - goodbye
2026-03-21 22:30:17,905 [INFO] Websocket connected
2026-03-21 22:30:17,963 [INFO] Websocket connected
2026-03-21 22:30:19,816 [ERROR] Connection to remote host was lost. - goodbye
2026-03-21 22:30:20,902 [INFO] Websocket connected
2026-03-21 22:30:20,946 [INFO] Websocket connected
2026-03-21 22:30:22,732 [ERROR] Connection to remote host was lost. - goodbye
2026-03-21 22:30:23,585 [INFO] Websocket connected
2026-03-21 22:30:23,600 [INFO] Websocket connected
2026-03-21 22:30:24,765 [ERROR] Connection to remote host was lost. - goodbye
2026-03-21 22:30:25,530 [INFO] Websocket connected
2026-03-21 22:30:25,537 [INFO] Websocket connected
2026-03-21 22:30:26,738 [ERROR] Connection to remote host was lost. - goodbye
2026-03-21 22:30:27,476 [INFO]   SFS : 932 joueurs récupérés (tentative 1)
2026-03-21 22:30:27,485 [INFO]   Jointure Sofascore : 1636/2407 (68.0%)
2026-03-21 22:30:27,489 [INFO]   Pause 15.4s...
2026-03-21 22:30:42,864 [INFO] 
=======================================================
=== Spain La Liga ===
=======================================================
2026-03-21 22:30:42,868 [INFO]   1397 joueurs TM
2026-03-21 22:30:42,869 [INFO]   Capology : non disponible
2026-03-21 22:30:42,869 [INFO]   Sofascore : déjà en cache, re-scraping pour reconstruction...
2026-03-21 22:30:43,411 [INFO] Websocket connected
2026-03-21 22:30:43,424 [INFO] Websocket connected
2026-03-21 22:30:44,533 [ERROR] Connection to remote host was lost. - goodbye
2026-03-21 22:30:45,242 [INFO] Websocket connected
2026-03-21 22:30:45,247 [INFO] Websocket connected
2026-03-21 22:30:46,474 [ERROR] Connection to remote host was lost. - goodbye
2026-03-21 22:30:47,217 [INFO] Websocket connected
2026-03-21 22:30:47,223 [INFO] Websocket connected
2026-03-21 22:30:48,577 [ERROR] Connection to remote host was lost. - goodbye
2026-03-21 22:30:49,275 [INFO] Websocket connected
2026-03-21 22:30:49,281 [INFO] Websocket connected
2026-03-21 22:30:50,717 [ERROR] Connection to remote host was lost. - goodbye
2026-03-21 22:30:51,447 [INFO] Websocket connected
2026-03-21 22:30:51,463 [INFO] Websocket connected
2026-03-21 22:30:53,029 [ERROR] Connection to remote host was lost. - goodbye
2026-03-21 22:30:53,775 [INFO] Websocket connected
2026-03-21 22:30:53,781 [INFO] Websocket connected
2026-03-21 22:30:55,734 [ERROR] Connection to remote host was lost. - goodbye
2026-03-21 22:30:56,483 [INFO] Websocket connected
2026-03-21 22:30:56,490 [INFO] Websocket connected
2026-03-21 22:30:57,746 [ERROR] Connection to remote host was lost. - goodbye
2026-03-21 22:30:58,340 [INFO]   SFS : 589 joueurs récupérés (tentative 1)
2026-03-21 22:30:58,348 [INFO]   Jointure Sofascore : 1030/1397 (73.7%)
2026-03-21 22:30:58,352 [INFO]   Pause 15.0s...
2026-03-21 22:31:13,359 [INFO] 
=======================================================
=== Turkiye Super Lig ===
=======================================================
2026-03-21 22:31:13,363 [INFO]   1327 joueurs TM
2026-03-21 22:31:13,364 [INFO]   Capology : non disponible
2026-03-21 22:31:13,365 [INFO]   Sofascore : déjà en cache, re-scraping pour reconstruction...
2026-03-21 22:31:13,896 [INFO] Websocket connected
2026-03-21 22:31:13,902 [INFO] Websocket connected
2026-03-21 22:31:15,291 [ERROR] Connection to remote host was lost. - goodbye
2026-03-21 22:31:16,034 [INFO] Websocket connected
2026-03-21 22:31:16,041 [INFO] Websocket connected
2026-03-21 22:31:17,354 [ERROR] Connection to remote host was lost. - goodbye
2026-03-21 22:31:18,094 [INFO] Websocket connected
2026-03-21 22:31:18,098 [INFO] Websocket connected
2026-03-21 22:31:19,479 [ERROR] Connection to remote host was lost. - goodbye
2026-03-21 22:31:20,229 [INFO] Websocket connected
2026-03-21 22:31:20,235 [INFO] Websocket connected
2026-03-21 22:31:21,645 [ERROR] Connection to remote host was lost. - goodbye
2026-03-21 22:31:22,385 [INFO] Websocket connected
2026-03-21 22:31:22,390 [INFO] Websocket connected
2026-03-21 22:31:23,985 [ERROR] Connection to remote host was lost. - goodbye
2026-03-21 22:31:24,679 [INFO] Websocket connected
2026-03-21 22:31:24,684 [INFO] Websocket connected
2026-03-21 22:31:25,979 [ERROR] Connection to remote host was lost. - goodbye
2026-03-21 22:31:26,729 [INFO] Websocket connected
2026-03-21 22:31:26,734 [INFO] Websocket connected
2026-03-21 22:31:27,910 [ERROR] Connection to remote host was lost. - goodbye
2026-03-21 22:31:28,462 [INFO]   SFS : 580 joueurs récupérés (tentative 1)
2026-03-21 22:31:28,470 [INFO]   Jointure Sofascore : 947/1327 (71.4%)
2026-03-21 22:31:28,475 [INFO]   Pause 19.5s...
2026-03-21 22:31:47,952 [INFO] 
=======================================================
=== USA MLS ===
=======================================================
2026-03-21 22:31:47,956 [INFO]   1731 joueurs TM
2026-03-21 22:31:47,957 [INFO]   Capology : non disponible
2026-03-21 22:31:47,957 [INFO]   Sofascore : déjà en cache, re-scraping pour reconstruction...
2026-03-21 22:31:48,494 [INFO] Websocket connected
2026-03-21 22:31:48,499 [INFO] Websocket connected
2026-03-21 22:31:49,611 [ERROR] Connection to remote host was lost. - goodbye
2026-03-21 22:31:50,367 [INFO] Websocket connected
2026-03-21 22:31:50,373 [INFO] Websocket connected
2026-03-21 22:31:51,599 [ERROR] Connection to remote host was lost. - goodbye
2026-03-21 22:31:52,346 [INFO] Websocket connected
2026-03-21 22:31:52,351 [INFO] Websocket connected
2026-03-21 22:31:54,117 [ERROR] Connection to remote host was lost. - goodbye
2026-03-21 22:31:54,813 [INFO] Websocket connected
2026-03-21 22:31:54,817 [INFO] Websocket connected
2026-03-21 22:31:56,579 [ERROR] Connection to remote host was lost. - goodbye
2026-03-21 22:31:57,277 [INFO] Websocket connected
2026-03-21 22:31:57,283 [INFO] Websocket connected
2026-03-21 22:31:58,547 [ERROR] Connection to remote host was lost. - goodbye
2026-03-21 22:31:59,341 [INFO] Websocket connected
2026-03-21 22:31:59,351 [INFO] Websocket connected
2026-03-21 22:32:01,142 [ERROR] Connection to remote host was lost. - goodbye
2026-03-21 22:32:01,878 [INFO] Websocket connected
2026-03-21 22:32:01,882 [INFO] Websocket connected
2026-03-21 22:32:03,642 [ERROR] Connection to remote host was lost. - goodbye
2026-03-21 22:32:04,348 [INFO] Websocket connected
2026-03-21 22:32:04,364 [INFO] Websocket connected
2026-03-21 22:32:06,555 [ERROR] Connection to remote host was lost. - goodbye
2026-03-21 22:32:07,249 [INFO] Websocket connected
2026-03-21 22:32:07,254 [INFO] Websocket connected
2026-03-21 22:32:08,742 [ERROR] Connection to remote host was lost. - goodbye
2026-03-21 22:32:09,509 [INFO] Websocket connected
2026-03-21 22:32:09,517 [INFO] Websocket connected
2026-03-21 22:32:10,736 [ERROR] Connection to remote host was lost. - goodbye
2026-03-21 22:32:11,376 [INFO]   SFS : 801 joueurs récupérés (tentative 1)
2026-03-21 22:32:11,383 [INFO]   Jointure Sofascore : 1345/1731 (77.7%)
2026-03-21 22:32:11,387 [INFO]   Pause 10.8s...
2026-03-21 22:32:22,183 [INFO] 
=======================================================
=== Belgium Pro League ===
=======================================================
2026-03-21 22:32:22,187 [INFO]   1140 joueurs TM
2026-03-21 22:32:56,195 [WARNING]   CAP retry 1/2 (Belgium Pro League) : Message: 
 — pause 12.9s
2026-03-21 22:33:34,960 [ERROR]   CAP échec définitif (Belgium Pro League) : Message: 

2026-03-21 22:33:34,961 [INFO]   Sofascore : non disponible
2026-03-21 22:33:34,963 [INFO]   Pause 12.7s...
2026-03-21 22:33:47,696 [INFO] 
=======================================================
=== Brazil Serie A ===
=======================================================
2026-03-21 22:33:47,700 [INFO]   1680 joueurs TM
2026-03-21 22:33:47,701 [INFO]   Capology : non disponible
2026-03-21 22:33:47,702 [INFO]   Sofascore : non disponible
2026-03-21 22:33:47,705 [INFO]   Pause 12.9s...
2026-03-21 22:34:00,599 [INFO] 
=======================================================
=== Scotland Premier League ===
=======================================================
2026-03-21 22:34:00,602 [INFO]   822 joueurs TM
2026-03-21 22:34:00,603 [INFO]   Capology : non disponible
2026-03-21 22:34:00,603 [INFO]   Sofascore : non disponible
2026-03-21 22:34:00,606 [INFO]   Pause 13.8s...
2026-03-21 22:34:15,929 [INFO] 
=======================================================
2026-03-21 22:34:15,929 [INFO] Fichier reconstruit : data\transfermarkt\players_enriched.csv
2026-03-21 22:34:15,930 [INFO] Total : 18477 joueurs (126 colonnes)
2026-03-21 22:34:15,930 [WARNING] Sources en échec : ['Belgium Pro League|cap']
2026-03-21 22:43:36,206 [INFO] Chargement de data\transfermarkt\players_all.csv...
2026-03-21 22:43:36,275 [INFO] 9927 joueurs chargés
2026-03-21 22:43:36,295 [INFO] 
=======================================================
=== England Premier League ===
=======================================================
2026-03-21 22:43:36,300 [INFO]   761 joueurs TM
2026-03-21 22:43:36,303 [INFO]   Capology : déjà en cache, re-scraping pour reconstruction...
2026-03-21 22:44:18,187 [INFO]   CAP : 14 doublons supprimés (homonymes/multi-lignes)
2026-03-21 22:44:18,188 [INFO]   CAP : 756 joueurs récupérés (tentative 1)
2026-03-21 22:44:18,192 [INFO]   Jointure Capology : 598/761 (78.6%)
2026-03-21 22:44:18,193 [INFO]   Sofascore : déjà en cache, re-scraping pour reconstruction...
2026-03-21 22:44:18,729 [INFO] Websocket connected
2026-03-21 22:44:18,758 [INFO] Websocket connected
2026-03-21 22:44:19,922 [ERROR] Connection to remote host was lost. - goodbye
2026-03-21 22:44:20,879 [INFO] Websocket connected
2026-03-21 22:44:20,913 [INFO] Websocket connected
2026-03-21 22:44:22,220 [ERROR] Connection to remote host was lost. - goodbye
2026-03-21 22:44:22,991 [INFO] Websocket connected
2026-03-21 22:44:22,999 [INFO] Websocket connected
2026-03-21 22:44:24,579 [ERROR] Connection to remote host was lost. - goodbye
2026-03-21 22:44:25,323 [INFO] Websocket connected
2026-03-21 22:44:25,329 [INFO] Websocket connected
2026-03-21 22:44:26,783 [ERROR] Connection to remote host was lost. - goodbye
2026-03-21 22:44:27,525 [INFO] Websocket connected
2026-03-21 22:44:27,531 [INFO] Websocket connected
2026-03-21 22:44:29,375 [ERROR] Connection to remote host was lost. - goodbye
2026-03-21 22:44:30,071 [INFO] Websocket connected
2026-03-21 22:44:30,078 [INFO] Websocket connected
2026-03-21 22:44:31,286 [ERROR] Connection to remote host was lost. - goodbye
2026-03-21 22:44:32,054 [INFO] Websocket connected
2026-03-21 22:44:32,063 [INFO] Websocket connected
2026-03-21 22:44:33,267 [ERROR] Connection to remote host was lost. - goodbye
2026-03-21 22:44:33,790 [INFO]   SFS : 562 joueurs récupérés (tentative 1)
2026-03-21 22:44:33,795 [INFO]   Jointure Sofascore : 538/761 (70.7%)
2026-03-21 22:44:33,799 [INFO]   Pause 12.3s...
2026-03-21 22:44:46,051 [INFO] 
=======================================================
=== France Ligue 1 ===
=======================================================
2026-03-21 22:44:46,054 [INFO]   652 joueurs TM
2026-03-21 22:44:46,056 [INFO]   Capology : déjà en cache, re-scraping pour reconstruction...
2026-03-21 22:45:07,725 [INFO]   CAP : 12 doublons supprimés (homonymes/multi-lignes)
2026-03-21 22:45:07,726 [INFO]   CAP : 549 joueurs récupérés (tentative 1)
2026-03-21 22:45:07,729 [INFO]   Jointure Capology : 492/652 (75.5%)
2026-03-21 22:45:07,730 [INFO]   Sofascore : déjà en cache, re-scraping pour reconstruction...
2026-03-21 22:45:08,271 [INFO] Websocket connected
2026-03-21 22:45:08,279 [INFO] Websocket connected
2026-03-21 22:45:09,452 [ERROR] Connection to remote host was lost. - goodbye
2026-03-21 22:45:10,248 [INFO] Websocket connected
2026-03-21 22:45:10,284 [INFO] Websocket connected
2026-03-21 22:45:12,701 [ERROR] Connection to remote host was lost. - goodbye
2026-03-21 22:45:13,697 [INFO] Websocket connected
2026-03-21 22:45:13,777 [INFO] Websocket connected
2026-03-21 22:45:15,405 [ERROR] Connection to remote host was lost. - goodbye
2026-03-21 22:45:16,173 [INFO] Websocket connected
2026-03-21 22:45:16,180 [INFO] Websocket connected
2026-03-21 22:45:17,511 [ERROR] Connection to remote host was lost. - goodbye
2026-03-21 22:45:18,207 [INFO] Websocket connected
2026-03-21 22:45:18,213 [INFO] Websocket connected
2026-03-21 22:45:19,659 [ERROR] Connection to remote host was lost. - goodbye
2026-03-21 22:45:20,412 [INFO] Websocket connected
2026-03-21 22:45:20,418 [INFO] Websocket connected
2026-03-21 22:45:21,998 [ERROR] Connection to remote host was lost. - goodbye
2026-03-21 22:45:22,870 [INFO] Websocket connected
2026-03-21 22:45:22,911 [INFO] Websocket connected
2026-03-21 22:45:24,249 [ERROR] Connection to remote host was lost. - goodbye
2026-03-21 22:45:24,945 [INFO]   SFS : 542 joueurs récupérés (tentative 1)
2026-03-21 22:45:24,949 [INFO]   Jointure Sofascore : 484/652 (74.2%)
2026-03-21 22:45:24,953 [INFO]   Pause 11.9s...
2026-03-21 22:45:36,896 [INFO] 
=======================================================
=== Germany Bundesliga ===
=======================================================
2026-03-21 22:45:36,899 [INFO]   596 joueurs TM
2026-03-21 22:45:36,901 [INFO]   Capology : déjà en cache, re-scraping pour reconstruction...
2026-03-21 22:45:57,026 [INFO]   CAP : 11 doublons supprimés (homonymes/multi-lignes)
2026-03-21 22:45:57,026 [INFO]   CAP : 555 joueurs récupérés (tentative 1)
2026-03-21 22:45:57,029 [INFO]   Jointure Capology : 507/596 (85.1%)
2026-03-21 22:45:57,030 [INFO]   Sofascore : déjà en cache, re-scraping pour reconstruction...
2026-03-21 22:45:57,571 [INFO] Websocket connected
2026-03-21 22:45:57,580 [INFO] Websocket connected
2026-03-21 22:45:58,679 [ERROR] Connection to remote host was lost. - goodbye
2026-03-21 22:45:59,437 [INFO] Websocket connected
2026-03-21 22:45:59,442 [INFO] Websocket connected
2026-03-21 22:46:00,748 [ERROR] Connection to remote host was lost. - goodbye
2026-03-21 22:46:01,493 [INFO] Websocket connected
2026-03-21 22:46:01,498 [INFO] Websocket connected
2026-03-21 22:46:02,759 [ERROR] Connection to remote host was lost. - goodbye
2026-03-21 22:46:03,444 [INFO] Websocket connected
2026-03-21 22:46:03,451 [INFO] Websocket connected
2026-03-21 22:46:04,791 [ERROR] Connection to remote host was lost. - goodbye
2026-03-21 22:46:05,597 [INFO] Websocket connected
2026-03-21 22:46:05,606 [INFO] Websocket connected
2026-03-21 22:46:07,485 [ERROR] Connection to remote host was lost. - goodbye
2026-03-21 22:46:08,223 [INFO] Websocket connected
2026-03-21 22:46:08,230 [INFO] Websocket connected
2026-03-21 22:46:09,474 [ERROR] Connection to remote host was lost. - goodbye
2026-03-21 22:46:09,945 [INFO]   SFS : 481 joueurs récupérés (tentative 1)
2026-03-21 22:46:09,948 [INFO]   Jointure Sofascore : 447/596 (75.0%)
2026-03-21 22:46:09,952 [INFO]   Pause 13.1s...
2026-03-21 22:46:54,378 [INFO] Chargement de data\transfermarkt\players_all.csv...
2026-03-21 22:46:54,431 [INFO] 9927 joueurs chargés
2026-03-21 22:46:54,448 [INFO] 
=======================================================
=== England Premier League ===
=======================================================
2026-03-21 22:46:54,451 [INFO]   761 joueurs TM
2026-03-21 22:46:54,453 [INFO]   Capology : déjà en cache, re-scraping pour reconstruction...
2026-03-21 22:47:24,481 [INFO]   CAP : 14 doublons supprimés (homonymes/multi-lignes)
2026-03-21 22:47:24,482 [INFO]   CAP : 756 joueurs récupérés (tentative 1)
2026-03-21 22:47:24,485 [INFO]   Jointure Capology : 598/761 (78.6%)
2026-03-21 22:47:24,486 [INFO]   Sofascore : déjà en cache, re-scraping pour reconstruction...
2026-03-21 22:47:25,104 [INFO] Websocket connected
2026-03-21 22:47:25,128 [INFO] Websocket connected
2026-03-21 22:47:26,529 [ERROR] Connection to remote host was lost. - goodbye
2026-03-21 22:47:27,300 [INFO] Websocket connected
2026-03-21 22:47:27,307 [INFO] Websocket connected
2026-03-21 22:47:29,429 [ERROR] Connection to remote host was lost. - goodbye
2026-03-21 22:47:30,183 [INFO] Websocket connected
2026-03-21 22:47:30,192 [INFO] Websocket connected
2026-03-21 22:47:32,169 [ERROR] Connection to remote host was lost. - goodbye
2026-03-21 22:47:32,924 [INFO] Websocket connected
2026-03-21 22:47:32,931 [INFO] Websocket connected
2026-03-21 22:47:34,304 [ERROR] Connection to remote host was lost. - goodbye
2026-03-21 22:47:35,049 [INFO] Websocket connected
2026-03-21 22:47:35,055 [INFO] Websocket connected
2026-03-21 22:47:37,162 [ERROR] Connection to remote host was lost. - goodbye
2026-03-21 22:47:37,933 [INFO] Websocket connected
2026-03-21 22:47:37,940 [INFO] Websocket connected
2026-03-21 22:47:40,260 [ERROR] Connection to remote host was lost. - goodbye
2026-03-21 22:47:41,002 [INFO] Websocket connected
2026-03-21 22:47:41,009 [INFO] Websocket connected
2026-03-21 22:47:42,716 [ERROR] Connection to remote host was lost. - goodbye
2026-03-21 22:47:43,245 [INFO]   SFS : 562 joueurs récupérés (tentative 1)
2026-03-21 22:47:43,251 [INFO]   Jointure Sofascore : 538/761 (70.7%)
2026-03-21 22:47:43,255 [INFO]   Pause 14.5s...
2026-03-21 22:47:57,790 [INFO] 
=======================================================
=== France Ligue 1 ===
=======================================================
2026-03-21 22:47:57,793 [INFO]   652 joueurs TM
2026-03-21 22:47:57,794 [INFO]   Capology : déjà en cache, re-scraping pour reconstruction...
2026-03-21 22:48:21,269 [INFO]   CAP : 12 doublons supprimés (homonymes/multi-lignes)
2026-03-21 22:48:21,269 [INFO]   CAP : 549 joueurs récupérés (tentative 1)
2026-03-21 22:48:21,272 [INFO]   Jointure Capology : 492/652 (75.5%)
2026-03-21 22:48:21,273 [INFO]   Sofascore : déjà en cache, re-scraping pour reconstruction...
2026-03-21 22:48:21,822 [INFO] Websocket connected
2026-03-21 22:48:21,833 [INFO] Websocket connected
2026-03-21 22:48:23,086 [ERROR] Connection to remote host was lost. - goodbye
2026-03-21 22:48:23,808 [INFO] Websocket connected
2026-03-21 22:48:23,818 [INFO] Websocket connected
2026-03-21 22:48:25,479 [ERROR] Connection to remote host was lost. - goodbye
2026-03-21 22:48:26,255 [INFO] Websocket connected
2026-03-21 22:48:26,263 [INFO] Websocket connected
2026-03-21 22:48:29,076 [ERROR] Connection to remote host was lost. - goodbye
2026-03-21 22:48:30,027 [INFO] Websocket connected
2026-03-21 22:48:30,074 [INFO] Websocket connected
2026-03-21 22:48:31,762 [ERROR] Connection to remote host was lost. - goodbye
2026-03-21 22:48:32,522 [INFO] Websocket connected
2026-03-21 22:48:32,528 [INFO] Websocket connected
2026-03-21 22:48:34,500 [ERROR] Connection to remote host was lost. - goodbye
2026-03-21 22:48:35,241 [INFO] Websocket connected
2026-03-21 22:48:35,248 [INFO] Websocket connected
2026-03-21 22:48:37,313 [ERROR] Connection to remote host was lost. - goodbye
2026-03-21 22:48:38,063 [INFO] Websocket connected
2026-03-21 22:48:38,078 [INFO] Websocket connected
2026-03-21 22:48:39,543 [ERROR] Connection to remote host was lost. - goodbye
2026-03-21 22:48:40,255 [INFO]   SFS : 542 joueurs récupérés (tentative 1)
2026-03-21 22:48:40,259 [INFO]   Jointure Sofascore : 484/652 (74.2%)
2026-03-21 22:48:40,263 [INFO]   Pause 15.6s...
2026-03-21 22:48:55,894 [INFO] 
=======================================================
=== Germany Bundesliga ===
=======================================================
2026-03-21 22:48:55,897 [INFO]   596 joueurs TM
2026-03-21 22:48:55,898 [INFO]   Capology : déjà en cache, re-scraping pour reconstruction...
2026-03-21 22:49:22,489 [INFO]   CAP : 11 doublons supprimés (homonymes/multi-lignes)
2026-03-21 22:49:22,489 [INFO]   CAP : 555 joueurs récupérés (tentative 1)
2026-03-21 22:49:22,495 [INFO]   Jointure Capology : 507/596 (85.1%)
2026-03-21 22:49:22,495 [INFO]   Sofascore : déjà en cache, re-scraping pour reconstruction...
2026-03-21 22:49:23,044 [INFO] Websocket connected
2026-03-21 22:49:23,112 [INFO] Websocket connected
2026-03-21 22:49:24,659 [ERROR] Connection to remote host was lost. - goodbye
2026-03-21 22:49:25,600 [INFO] Websocket connected
2026-03-21 22:49:25,628 [INFO] Websocket connected
2026-03-21 22:49:27,033 [ERROR] Connection to remote host was lost. - goodbye
2026-03-21 22:49:27,833 [INFO] Websocket connected
2026-03-21 22:49:27,843 [INFO] Websocket connected
2026-03-21 22:49:29,769 [ERROR] Connection to remote host was lost. - goodbye
2026-03-21 22:49:30,608 [INFO] Websocket connected
2026-03-21 22:49:30,619 [INFO] Websocket connected
2026-03-21 22:49:34,048 [ERROR] Connection to remote host was lost. - goodbye
2026-03-21 22:49:34,960 [INFO] Websocket connected
2026-03-21 22:49:34,967 [INFO] Websocket connected
2026-03-21 22:49:36,697 [ERROR] Connection to remote host was lost. - goodbye
2026-03-21 22:49:37,535 [INFO] Websocket connected
2026-03-21 22:49:37,553 [INFO] Websocket connected
2026-03-21 22:49:38,941 [ERROR] Connection to remote host was lost. - goodbye
2026-03-21 22:49:39,623 [INFO]   SFS : 481 joueurs récupérés (tentative 1)
2026-03-21 22:49:39,629 [INFO]   Jointure Sofascore : 447/596 (75.0%)
2026-03-21 22:49:39,633 [INFO]   Pause 16.7s...
2026-03-21 22:49:56,315 [INFO] 
=======================================================
=== Italy Serie A ===
=======================================================
2026-03-21 22:49:56,318 [INFO]   762 joueurs TM
2026-03-21 22:49:56,320 [INFO]   Capology : déjà en cache, re-scraping pour reconstruction...
2026-03-21 22:50:19,987 [INFO]   CAP : 35 doublons supprimés (homonymes/multi-lignes)
2026-03-21 22:50:19,988 [INFO]   CAP : 665 joueurs récupérés (tentative 1)
2026-03-21 22:50:19,991 [INFO]   Jointure Capology : 580/762 (76.1%)
2026-03-21 22:50:19,991 [INFO]   Sofascore : déjà en cache, re-scraping pour reconstruction...
2026-03-21 22:50:20,514 [INFO] Websocket connected
2026-03-21 22:50:20,519 [INFO] Websocket connected
2026-03-21 22:50:21,693 [ERROR] Connection to remote host was lost. - goodbye
2026-03-21 22:50:22,442 [INFO] Websocket connected
2026-03-21 22:50:22,450 [INFO] Websocket connected
2026-03-21 22:50:24,051 [ERROR] Connection to remote host was lost. - goodbye
2026-03-21 22:50:24,800 [INFO] Websocket connected
2026-03-21 22:50:24,810 [INFO] Websocket connected
2026-03-21 22:50:26,596 [ERROR] Connection to remote host was lost. - goodbye
2026-03-21 22:50:27,342 [INFO] Websocket connected
2026-03-21 22:50:27,347 [INFO] Websocket connected
2026-03-21 22:50:28,630 [ERROR] Connection to remote host was lost. - goodbye
2026-03-21 22:50:29,392 [INFO] Websocket connected
2026-03-21 22:50:29,398 [INFO] Websocket connected
2026-03-21 22:50:31,128 [ERROR] Connection to remote host was lost. - goodbye
2026-03-21 22:50:31,892 [INFO] Websocket connected
2026-03-21 22:50:31,898 [INFO] Websocket connected
2026-03-21 22:50:34,746 [ERROR] Connection to remote host was lost. - goodbye
2026-03-21 22:50:35,579 [INFO] Websocket connected
2026-03-21 22:50:35,584 [INFO] Websocket connected
2026-03-21 22:50:36,749 [ERROR] Connection to remote host was lost. - goodbye
2026-03-21 22:50:37,488 [INFO]   SFS : 599 joueurs récupérés (tentative 1)
2026-03-21 22:50:37,493 [INFO]   Jointure Sofascore : 542/762 (71.1%)
2026-03-21 22:50:37,497 [INFO]   Pause 10.3s...
2026-03-21 22:50:47,765 [INFO] 
=======================================================
=== Netherlands Eredivisie ===
=======================================================
2026-03-21 22:50:47,768 [INFO]   620 joueurs TM
2026-03-21 22:50:47,769 [INFO]   Capology : déjà en cache, re-scraping pour reconstruction...
2026-03-21 22:51:09,483 [INFO]   CAP : 12 doublons supprimés (homonymes/multi-lignes)
2026-03-21 22:51:09,483 [INFO]   CAP : 541 joueurs récupérés (tentative 1)
2026-03-21 22:51:09,486 [INFO]   Jointure Capology : 505/620 (81.5%)
2026-03-21 22:51:09,487 [INFO]   Sofascore : déjà en cache, re-scraping pour reconstruction...
2026-03-21 22:51:10,012 [INFO] Websocket connected
2026-03-21 22:51:10,017 [INFO] Websocket connected
2026-03-21 22:51:11,161 [ERROR] Connection to remote host was lost. - goodbye
2026-03-21 22:51:11,916 [INFO] Websocket connected
2026-03-21 22:51:11,922 [INFO] Websocket connected
2026-03-21 22:51:13,242 [ERROR] Connection to remote host was lost. - goodbye
2026-03-21 22:51:13,928 [INFO] Websocket connected
2026-03-21 22:51:13,935 [INFO] Websocket connected
2026-03-21 22:51:15,350 [ERROR] Connection to remote host was lost. - goodbye
2026-03-21 22:51:16,144 [INFO] Websocket connected
2026-03-21 22:51:16,148 [INFO] Websocket connected
2026-03-21 22:51:17,683 [ERROR] Connection to remote host was lost. - goodbye
2026-03-21 22:51:18,428 [INFO] Websocket connected
2026-03-21 22:51:18,434 [INFO] Websocket connected
2026-03-21 22:51:20,171 [ERROR] Connection to remote host was lost. - goodbye
2026-03-21 22:51:20,910 [INFO] Websocket connected
2026-03-21 22:51:20,914 [INFO] Websocket connected
2026-03-21 22:51:22,143 [ERROR] Connection to remote host was lost. - goodbye
2026-03-21 22:51:22,897 [INFO] Websocket connected
2026-03-21 22:51:22,903 [INFO] Websocket connected
2026-03-21 22:51:24,011 [ERROR] Connection to remote host was lost. - goodbye
2026-03-21 22:51:24,510 [INFO]   SFS : 520 joueurs récupérés (tentative 1)
2026-03-21 22:51:24,513 [INFO]   Jointure Sofascore : 478/620 (77.1%)
2026-03-21 22:51:24,517 [INFO]   Pause 14.3s...
2026-03-21 22:51:38,817 [INFO] 
=======================================================
=== Portugal Primeira Liga ===
=======================================================
2026-03-21 22:51:38,820 [INFO]   645 joueurs TM
2026-03-21 22:51:38,821 [INFO]   Capology : déjà en cache, re-scraping pour reconstruction...
2026-03-21 22:51:59,597 [INFO]   CAP : 24 doublons supprimés (homonymes/multi-lignes)
2026-03-21 22:51:59,597 [INFO]   CAP : 581 joueurs récupérés (tentative 1)
2026-03-21 22:51:59,600 [INFO]   Jointure Capology : 510/645 (79.1%)
2026-03-21 22:51:59,600 [INFO]   Sofascore : déjà en cache, re-scraping pour reconstruction...
2026-03-21 22:52:00,135 [INFO] Websocket connected
2026-03-21 22:52:00,144 [INFO] Websocket connected
2026-03-21 22:52:01,320 [ERROR] Connection to remote host was lost. - goodbye
2026-03-21 22:52:02,049 [INFO] Websocket connected
2026-03-21 22:52:02,054 [INFO] Websocket connected
2026-03-21 22:52:03,808 [ERROR] Connection to remote host was lost. - goodbye
2026-03-21 22:52:04,557 [INFO] Websocket connected
2026-03-21 22:52:04,567 [INFO] Websocket connected
2026-03-21 22:52:05,996 [ERROR] Connection to remote host was lost. - goodbye
2026-03-21 22:52:06,737 [INFO] Websocket connected
2026-03-21 22:52:06,741 [INFO] Websocket connected
2026-03-21 22:52:08,088 [ERROR] Connection to remote host was lost. - goodbye
2026-03-21 22:52:08,865 [INFO] Websocket connected
2026-03-21 22:52:08,871 [INFO] Websocket connected
2026-03-21 22:52:10,615 [ERROR] Connection to remote host was lost. - goodbye
2026-03-21 22:52:11,382 [INFO] Websocket connected
2026-03-21 22:52:11,391 [INFO] Websocket connected
2026-03-21 22:52:12,625 [ERROR] Connection to remote host was lost. - goodbye
2026-03-21 22:52:13,379 [INFO] Websocket connected
2026-03-21 22:52:13,384 [INFO] Websocket connected
2026-03-21 22:52:14,594 [ERROR] Connection to remote host was lost. - goodbye
2026-03-21 22:52:15,316 [INFO]   SFS : 6 doublons supprimés (homonymes/multi-lignes)
2026-03-21 22:52:15,317 [INFO]   SFS : 562 joueurs récupérés (tentative 1)
2026-03-21 22:52:15,321 [INFO]   Jointure Sofascore : 483/645 (74.9%)
2026-03-21 22:52:15,323 [INFO]   Pause 20.0s...
2026-03-21 22:52:35,295 [INFO] 
=======================================================
=== Argentina Liga Profesional ===
=======================================================
2026-03-21 22:52:35,299 [INFO]   1375 joueurs TM
2026-03-21 22:52:35,300 [INFO]   Capology : non disponible
2026-03-21 22:52:35,300 [INFO]   Sofascore : déjà en cache, re-scraping pour reconstruction...
2026-03-21 22:52:35,827 [INFO] Websocket connected
2026-03-21 22:52:35,833 [INFO] Websocket connected
2026-03-21 22:52:40,307 [ERROR] Connection to remote host was lost. - goodbye
2026-03-21 22:52:41,089 [INFO] Websocket connected
2026-03-21 22:52:41,093 [INFO] Websocket connected
2026-03-21 22:52:42,331 [ERROR] Connection to remote host was lost. - goodbye
2026-03-21 22:52:43,081 [INFO] Websocket connected
2026-03-21 22:52:43,086 [INFO] Websocket connected
2026-03-21 22:52:44,287 [ERROR] Connection to remote host was lost. - goodbye
2026-03-21 22:52:44,982 [INFO] Websocket connected
2026-03-21 22:52:44,987 [INFO] Websocket connected
2026-03-21 22:52:46,207 [ERROR] Connection to remote host was lost. - goodbye
2026-03-21 22:52:46,946 [INFO] Websocket connected
2026-03-21 22:52:46,950 [INFO] Websocket connected
2026-03-21 22:52:48,120 [ERROR] Connection to remote host was lost. - goodbye
2026-03-21 22:52:48,852 [INFO] Websocket connected
2026-03-21 22:52:48,856 [INFO] Websocket connected
2026-03-21 22:52:51,212 [ERROR] Connection to remote host was lost. - goodbye
2026-03-21 22:52:52,004 [INFO] Websocket connected
2026-03-21 22:52:52,008 [INFO] Websocket connected
2026-03-21 22:52:53,713 [ERROR] Connection to remote host was lost. - goodbye
2026-03-21 22:52:54,449 [INFO] Websocket connected
2026-03-21 22:52:54,455 [INFO] Websocket connected
2026-03-21 22:52:55,606 [ERROR] Connection to remote host was lost. - goodbye
2026-03-21 22:52:56,354 [INFO] Websocket connected
2026-03-21 22:52:56,360 [INFO] Websocket connected
2026-03-21 22:52:58,115 [ERROR] Connection to remote host was lost. - goodbye
2026-03-21 22:52:58,851 [INFO] Websocket connected
2026-03-21 22:52:58,866 [INFO] Websocket connected
2026-03-21 22:53:00,095 [ERROR] Connection to remote host was lost. - goodbye
2026-03-21 22:53:00,836 [INFO] Websocket connected
2026-03-21 22:53:00,840 [INFO] Websocket connected
2026-03-21 22:53:02,055 [ERROR] Connection to remote host was lost. - goodbye
2026-03-21 22:53:02,743 [INFO]   SFS : 8 doublons supprimés (homonymes/multi-lignes)
2026-03-21 22:53:02,744 [INFO]   SFS : 924 joueurs récupérés (tentative 1)
2026-03-21 22:53:02,751 [INFO]   Jointure Sofascore : 893/1375 (64.9%)
2026-03-21 22:53:02,755 [INFO]   Pause 15.0s...
2026-03-21 22:53:17,719 [INFO] 
=======================================================
=== Spain La Liga ===
=======================================================
2026-03-21 22:53:17,722 [INFO]   721 joueurs TM
2026-03-21 22:53:17,724 [INFO]   Capology : non disponible
2026-03-21 22:53:17,724 [INFO]   Sofascore : déjà en cache, re-scraping pour reconstruction...
2026-03-21 22:53:18,251 [INFO] Websocket connected
2026-03-21 22:53:18,256 [INFO] Websocket connected
2026-03-21 22:53:19,886 [ERROR] Connection to remote host was lost. - goodbye
2026-03-21 22:53:20,636 [INFO] Websocket connected
2026-03-21 22:53:20,641 [INFO] Websocket connected
2026-03-21 22:53:25,165 [ERROR] Connection to remote host was lost. - goodbye
2026-03-21 22:53:25,934 [INFO] Websocket connected
2026-03-21 22:53:25,939 [INFO] Websocket connected
2026-03-21 22:53:31,514 [ERROR] Connection to remote host was lost. - goodbye
2026-03-21 22:53:32,283 [INFO] Websocket connected
2026-03-21 22:53:32,288 [INFO] Websocket connected
2026-03-21 22:53:36,790 [ERROR] Connection to remote host was lost. - goodbye
2026-03-21 22:53:37,566 [INFO] Websocket connected
2026-03-21 22:53:37,578 [INFO] Websocket connected
2026-03-21 22:53:38,889 [ERROR] Connection to remote host was lost. - goodbye
2026-03-21 22:53:39,638 [INFO] Websocket connected
2026-03-21 22:53:39,643 [INFO] Websocket connected
2026-03-21 22:53:40,881 [ERROR] Connection to remote host was lost. - goodbye
2026-03-21 22:53:41,620 [INFO] Websocket connected
2026-03-21 22:53:41,626 [INFO] Websocket connected
2026-03-21 22:53:42,844 [ERROR] Connection to remote host was lost. - goodbye
2026-03-21 22:53:43,369 [INFO]   SFS : 3 doublons supprimés (homonymes/multi-lignes)
2026-03-21 22:53:43,370 [INFO]   SFS : 586 joueurs récupérés (tentative 1)
2026-03-21 22:53:43,373 [INFO]   Jointure Sofascore : 512/721 (71.0%)
2026-03-21 22:53:43,377 [INFO]   Pause 11.3s...
2026-03-21 22:53:54,669 [INFO] 
=======================================================
=== Turkiye Super Lig ===
=======================================================
2026-03-21 22:53:54,672 [INFO]   742 joueurs TM
2026-03-21 22:53:54,673 [INFO]   Capology : non disponible
2026-03-21 22:53:54,673 [INFO]   Sofascore : déjà en cache, re-scraping pour reconstruction...
2026-03-21 22:53:55,277 [INFO] Websocket connected
2026-03-21 22:53:55,292 [INFO] Websocket connected
2026-03-21 22:53:56,305 [ERROR] Connection to remote host was lost. - goodbye
2026-03-21 22:53:56,984 [INFO] Websocket connected
2026-03-21 22:53:56,989 [INFO] Websocket connected
2026-03-21 22:53:58,293 [ERROR] Connection to remote host was lost. - goodbye
2026-03-21 22:53:59,035 [INFO] Websocket connected
2026-03-21 22:53:59,039 [INFO] Websocket connected
2026-03-21 22:54:00,595 [ERROR] Connection to remote host was lost. - goodbye
2026-03-21 22:54:01,482 [INFO] Websocket connected
2026-03-21 22:54:01,539 [INFO] Websocket connected
2026-03-21 22:54:03,029 [ERROR] Connection to remote host was lost. - goodbye
2026-03-21 22:54:03,784 [INFO] Websocket connected
2026-03-21 22:54:03,790 [INFO] Websocket connected
2026-03-21 22:54:06,617 [ERROR] Connection to remote host was lost. - goodbye
2026-03-21 22:54:07,386 [INFO] Websocket connected
2026-03-21 22:54:07,393 [INFO] Websocket connected
2026-03-21 22:54:08,562 [ERROR] Connection to remote host was lost. - goodbye
2026-03-21 22:54:09,304 [INFO] Websocket connected
2026-03-21 22:54:09,309 [INFO] Websocket connected
2026-03-21 22:54:10,613 [ERROR] Connection to remote host was lost. - goodbye
2026-03-21 22:54:11,126 [INFO]   SFS : 1 doublons supprimés (homonymes/multi-lignes)
2026-03-21 22:54:11,126 [INFO]   SFS : 579 joueurs récupérés (tentative 1)
2026-03-21 22:54:11,130 [INFO]   Jointure Sofascore : 482/742 (65.0%)
2026-03-21 22:54:11,133 [INFO]   Pause 16.3s...
2026-03-21 22:54:27,413 [INFO] 
=======================================================
=== USA MLS ===
=======================================================
2026-03-21 22:54:27,416 [INFO]   988 joueurs TM
2026-03-21 22:54:27,418 [INFO]   Capology : non disponible
2026-03-21 22:54:27,418 [INFO]   Sofascore : déjà en cache, re-scraping pour reconstruction...
2026-03-21 22:54:27,946 [INFO] Websocket connected
2026-03-21 22:54:27,963 [INFO] Websocket connected
2026-03-21 22:54:29,190 [ERROR] Connection to remote host was lost. - goodbye
2026-03-21 22:54:29,935 [INFO] Websocket connected
2026-03-21 22:54:29,939 [INFO] Websocket connected
2026-03-21 22:54:31,222 [ERROR] Connection to remote host was lost. - goodbye
2026-03-21 22:54:31,975 [INFO] Websocket connected
2026-03-21 22:54:31,986 [INFO] Websocket connected
2026-03-21 22:54:33,530 [ERROR] Connection to remote host was lost. - goodbye
2026-03-21 22:54:34,275 [INFO] Websocket connected
2026-03-21 22:54:34,280 [INFO] Websocket connected
2026-03-21 22:54:37,043 [ERROR] Connection to remote host was lost. - goodbye
2026-03-21 22:54:37,824 [INFO] Websocket connected
2026-03-21 22:54:37,828 [INFO] Websocket connected
2026-03-21 22:54:39,068 [ERROR] Connection to remote host was lost. - goodbye
2026-03-21 22:54:39,806 [INFO] Websocket connected
2026-03-21 22:54:39,811 [INFO] Websocket connected
2026-03-21 22:54:41,129 [ERROR] Connection to remote host was lost. - goodbye
2026-03-21 22:54:41,872 [INFO] Websocket connected
2026-03-21 22:54:41,876 [INFO] Websocket connected
2026-03-21 22:54:43,396 [ERROR] Connection to remote host was lost. - goodbye
2026-03-21 22:54:44,122 [INFO] Websocket connected
2026-03-21 22:54:44,127 [INFO] Websocket connected
2026-03-21 22:54:46,744 [ERROR] Connection to remote host was lost. - goodbye
2026-03-21 22:54:47,494 [INFO] Websocket connected
2026-03-21 22:54:47,500 [INFO] Websocket connected
2026-03-21 22:54:48,983 [ERROR] Connection to remote host was lost. - goodbye
2026-03-21 22:54:49,715 [INFO] Websocket connected
2026-03-21 22:54:49,723 [INFO] Websocket connected
2026-03-21 22:54:50,844 [ERROR] Connection to remote host was lost. - goodbye
2026-03-21 22:54:51,524 [INFO]   SFS : 801 joueurs récupérés (tentative 1)
2026-03-21 22:54:51,529 [INFO]   Jointure Sofascore : 726/988 (73.5%)
2026-03-21 22:54:51,533 [INFO]   Pause 15.4s...
2026-03-21 22:55:06,954 [INFO] 
=======================================================
=== Belgium Pro League ===
=======================================================
2026-03-21 22:55:06,956 [INFO]   599 joueurs TM
2026-03-21 22:55:35,155 [WARNING]   CAP retry 1/2 (Belgium Pro League) : Message: 
 — pause 8.5s
2026-03-21 22:56:18,105 [ERROR]   CAP échec définitif (Belgium Pro League) : Message: 

2026-03-21 22:56:18,106 [INFO]   Sofascore : non disponible
2026-03-21 22:56:18,108 [INFO]   Pause 16.2s...
2026-03-21 22:56:34,267 [INFO] 
=======================================================
=== Brazil Serie A ===
=======================================================
2026-03-21 22:56:34,270 [INFO]   1024 joueurs TM
2026-03-21 22:56:34,271 [INFO]   Capology : non disponible
2026-03-21 22:56:34,272 [INFO]   Sofascore : non disponible
2026-03-21 22:56:34,274 [INFO]   Pause 14.3s...
2026-03-21 22:56:48,615 [INFO] 
=======================================================
=== Scotland Premier League ===
=======================================================
2026-03-21 22:56:48,618 [INFO]   442 joueurs TM
2026-03-21 22:56:48,619 [INFO]   Capology : non disponible
2026-03-21 22:56:48,619 [INFO]   Sofascore : non disponible
2026-03-21 22:56:48,622 [INFO]   Pause 16.4s...
2026-03-21 22:57:05,734 [INFO] 
=======================================================
2026-03-21 22:57:05,734 [INFO] Fichier reconstruit : data\transfermarkt\players_enriched.csv
2026-03-21 22:57:05,735 [INFO] Total : 9927 joueurs (126 colonnes)
2026-03-21 22:57:05,735 [WARNING] Sources en échec : ['Belgium Pro League|cap']
